Command line invocation:
    /Applications/Xcode.app/Contents/Developer/usr/bin/xcodebuild -project DWBrowser.xcodeproj -scheme DWBrowser -configuration Debug clean build

2025-12-04 14:26:32.891 xcodebuild[5510:916545] [MT] IDERunDestination: Supported platforms for the buildables in the current scheme is empty.
--- xcodebuild: WARNING: Using the first of multiple matching destinations:
{ platform:macOS, arch:arm64, id:00008112-000A606E02DBC01E, name:My Mac }
{ platform:macOS, arch:x86_64, id:00008112-000A606E02DBC01E, name:My Mac }
{ platform:macOS, name:Any Mac }
CreateBuildRequest

SendProjectDescription

CreateBuildOperation

** CLEAN SUCCEEDED **

--- xcodebuild: WARNING: Using the first of multiple matching destinations:
{ platform:macOS, arch:arm64, id:00008112-000A606E02DBC01E, name:My Mac }
{ platform:macOS, arch:x86_64, id:00008112-000A606E02DBC01E, name:My Mac }
{ platform:macOS, name:Any Mac }
ComputePackagePrebuildTargetDependencyGraph

Prepare packages

CreateBuildRequest

SendProjectDescription

CreateBuildOperation

ComputeTargetDependencyGraph
note: Building targets in dependency order
note: Target dependency graph (1 target)
    Target 'DWBrowser' in project 'DWBrowser' (no dependencies)

GatherProvisioningInputs

CreateBuildDescription

ExecuteExternalTool /Applications/Xcode.app/Contents/Developer/Toolchains/XcodeDefault.xctoolchain/usr/bin/clang -v -E -dM -isysroot /Applications/Xcode.app/Contents/Developer/Platforms/MacOSX.platform/Developer/SDKs/MacOSX26.1.sdk -x c -c /dev/null

ExecuteExternalTool /Applications/Xcode.app/Contents/Developer/usr/bin/actool --version --output-format xml1

ExecuteExternalTool /Applications/Xcode.app/Contents/Developer/Toolchains/XcodeDefault.xctoolchain/usr/bin/swiftc --version

ExecuteExternalTool /Applications/Xcode.app/Contents/Developer/Toolchains/XcodeDefault.xctoolchain/usr/bin/ld -version_details

Build description signature: d92b374be2e4125cd77620c8e7dda045
Build description path: /Users/noone/Library/Developer/Xcode/DerivedData/DWBrowser-cmsfpyohmdxzhbcsciinysvlglxd/Build/Intermediates.noindex/XCBuildData/d92b374be2e4125cd77620c8e7dda045.xcbuilddata
ClangStatCache /Applications/Xcode.app/Contents/Developer/Toolchains/XcodeDefault.xctoolchain/usr/bin/clang-stat-cache /Applications/Xcode.app/Contents/Developer/Platforms/MacOSX.platform/Developer/SDKs/MacOSX26.1.sdk /Users/noone/Library/Developer/Xcode/DerivedData/SDKStatCaches.noindex/macosx26.1-25B74-3ae1261907bdadc328169391a47051a6.sdkstatcache
    cd /Users/noone/Downloads/Program/myGithub/MAC_Xcode_DWBrowserS1/DWBrowser.xcodeproj
    /Applications/Xcode.app/Contents/Developer/Toolchains/XcodeDefault.xctoolchain/usr/bin/clang-stat-cache /Applications/Xcode.app/Contents/Developer/Platforms/MacOSX.platform/Developer/SDKs/MacOSX26.1.sdk -o /Users/noone/Library/Developer/Xcode/DerivedData/SDKStatCaches.noindex/macosx26.1-25B74-3ae1261907bdadc328169391a47051a6.sdkstatcache

CreateBuildDirectory /Users/noone/Library/Developer/Xcode/DerivedData/DWBrowser-cmsfpyohmdxzhbcsciinysvlglxd/Build/Intermediates.noindex
    cd /Users/noone/Downloads/Program/myGithub/MAC_Xcode_DWBrowserS1/DWBrowser.xcodeproj
    builtin-create-build-directory /Users/noone/Library/Developer/Xcode/DerivedData/DWBrowser-cmsfpyohmdxzhbcsciinysvlglxd/Build/Intermediates.noindex

CreateBuildDirectory /Users/noone/Library/Developer/Xcode/DerivedData/DWBrowser-cmsfpyohmdxzhbcsciinysvlglxd/Build/Products
    cd /Users/noone/Downloads/Program/myGithub/MAC_Xcode_DWBrowserS1/DWBrowser.xcodeproj
    builtin-create-build-directory /Users/noone/Library/Developer/Xcode/DerivedData/DWBrowser-cmsfpyohmdxzhbcsciinysvlglxd/Build/Products

CreateBuildDirectory /Users/noone/Library/Developer/Xcode/DerivedData/DWBrowser-cmsfpyohmdxzhbcsciinysvlglxd/Build/Intermediates.noindex/ExplicitPrecompiledModules
    cd /Users/noone/Downloads/Program/myGithub/MAC_Xcode_DWBrowserS1/DWBrowser.xcodeproj
    builtin-create-build-directory /Users/noone/Library/Developer/Xcode/DerivedData/DWBrowser-cmsfpyohmdxzhbcsciinysvlglxd/Build/Intermediates.noindex/ExplicitPrecompiledModules

CreateBuildDirectory /Users/noone/Library/Developer/Xcode/DerivedData/DWBrowser-cmsfpyohmdxzhbcsciinysvlglxd/Build/Intermediates.noindex/SwiftExplicitPrecompiledModules
    cd /Users/noone/Downloads/Program/myGithub/MAC_Xcode_DWBrowserS1/DWBrowser.xcodeproj
    builtin-create-build-directory /Users/noone/Library/Developer/Xcode/DerivedData/DWBrowser-cmsfpyohmdxzhbcsciinysvlglxd/Build/Intermediates.noindex/SwiftExplicitPrecompiledModules

WriteAuxiliaryFile /Users/noone/Library/Developer/Xcode/DerivedData/DWBrowser-cmsfpyohmdxzhbcsciinysvlglxd/Build/Intermediates.noindex/DWBrowser.build/Debug/DWBrowser-e9e6d8cb119f9e32e97d7fb2bf1643ef-VFS/all-product-headers.yaml
    cd /Users/noone/Downloads/Program/myGithub/MAC_Xcode_DWBrowserS1/DWBrowser.xcodeproj
    write-file /Users/noone/Library/Developer/Xcode/DerivedData/DWBrowser-cmsfpyohmdxzhbcsciinysvlglxd/Build/Intermediates.noindex/DWBrowser.build/Debug/DWBrowser-e9e6d8cb119f9e32e97d7fb2bf1643ef-VFS/all-product-headers.yaml

CreateBuildDirectory /Users/noone/Library/Developer/Xcode/DerivedData/DWBrowser-cmsfpyohmdxzhbcsciinysvlglxd/Build/Intermediates.noindex/EagerLinkingTBDs/Debug
    cd /Users/noone/Downloads/Program/myGithub/MAC_Xcode_DWBrowserS1/DWBrowser.xcodeproj
    builtin-create-build-directory /Users/noone/Library/Developer/Xcode/DerivedData/DWBrowser-cmsfpyohmdxzhbcsciinysvlglxd/Build/Intermediates.noindex/EagerLinkingTBDs/Debug

CreateBuildDirectory /Users/noone/Library/Developer/Xcode/DerivedData/DWBrowser-cmsfpyohmdxzhbcsciinysvlglxd/Build/Products/Debug
    cd /Users/noone/Downloads/Program/myGithub/MAC_Xcode_DWBrowserS1/DWBrowser.xcodeproj
    builtin-create-build-directory /Users/noone/Library/Developer/Xcode/DerivedData/DWBrowser-cmsfpyohmdxzhbcsciinysvlglxd/Build/Products/Debug

WriteAuxiliaryFile /Users/noone/Library/Developer/Xcode/DerivedData/DWBrowser-cmsfpyohmdxzhbcsciinysvlglxd/Build/Intermediates.noindex/DWBrowser.build/Debug/DWBrowser.build/DWBrowser.hmap (in target 'DWBrowser' from project 'DWBrowser')
    cd /Users/noone/Downloads/Program/myGithub/MAC_Xcode_DWBrowserS1
    write-file /Users/noone/Library/Developer/Xcode/DerivedData/DWBrowser-cmsfpyohmdxzhbcsciinysvlglxd/Build/Intermediates.noindex/DWBrowser.build/Debug/DWBrowser.build/DWBrowser.hmap

WriteAuxiliaryFile /Users/noone/Library/Developer/Xcode/DerivedData/DWBrowser-cmsfpyohmdxzhbcsciinysvlglxd/Build/Intermediates.noindex/DWBrowser.build/Debug/DWBrowser.build/DWBrowser-project-headers.hmap (in target 'DWBrowser' from project 'DWBrowser')
    cd /Users/noone/Downloads/Program/myGithub/MAC_Xcode_DWBrowserS1
    write-file /Users/noone/Library/Developer/Xcode/DerivedData/DWBrowser-cmsfpyohmdxzhbcsciinysvlglxd/Build/Intermediates.noindex/DWBrowser.build/Debug/DWBrowser.build/DWBrowser-project-headers.hmap

WriteAuxiliaryFile /Users/noone/Library/Developer/Xcode/DerivedData/DWBrowser-cmsfpyohmdxzhbcsciinysvlglxd/Build/Intermediates.noindex/DWBrowser.build/Debug/DWBrowser.build/Objects-normal/arm64/DWBrowser_const_extract_protocols.json (in target 'DWBrowser' from project 'DWBrowser')
    cd /Users/noone/Downloads/Program/myGithub/MAC_Xcode_DWBrowserS1
    write-file /Users/noone/Library/Developer/Xcode/DerivedData/DWBrowser-cmsfpyohmdxzhbcsciinysvlglxd/Build/Intermediates.noindex/DWBrowser.build/Debug/DWBrowser.build/Objects-normal/arm64/DWBrowser_const_extract_protocols.json

WriteAuxiliaryFile /Users/noone/Library/Developer/Xcode/DerivedData/DWBrowser-cmsfpyohmdxzhbcsciinysvlglxd/Build/Intermediates.noindex/DWBrowser.build/Debug/DWBrowser.build/Objects-normal/arm64/DWBrowser.SwiftFileList (in target 'DWBrowser' from project 'DWBrowser')
    cd /Users/noone/Downloads/Program/myGithub/MAC_Xcode_DWBrowserS1
    write-file /Users/noone/Library/Developer/Xcode/DerivedData/DWBrowser-cmsfpyohmdxzhbcsciinysvlglxd/Build/Intermediates.noindex/DWBrowser.build/Debug/DWBrowser.build/Objects-normal/arm64/DWBrowser.SwiftFileList

WriteAuxiliaryFile /Users/noone/Library/Developer/Xcode/DerivedData/DWBrowser-cmsfpyohmdxzhbcsciinysvlglxd/Build/Intermediates.noindex/DWBrowser.build/Debug/DWBrowser.build/Objects-normal/arm64/DWBrowser.SwiftConstValuesFileList (in target 'DWBrowser' from project 'DWBrowser')
    cd /Users/noone/Downloads/Program/myGithub/MAC_Xcode_DWBrowserS1
    write-file /Users/noone/Library/Developer/Xcode/DerivedData/DWBrowser-cmsfpyohmdxzhbcsciinysvlglxd/Build/Intermediates.noindex/DWBrowser.build/Debug/DWBrowser.build/Objects-normal/arm64/DWBrowser.SwiftConstValuesFileList

WriteAuxiliaryFile /Users/noone/Library/Developer/Xcode/DerivedData/DWBrowser-cmsfpyohmdxzhbcsciinysvlglxd/Build/Intermediates.noindex/DWBrowser.build/Debug/DWBrowser.build/Objects-normal/arm64/DWBrowser-OutputFileMap.json (in target 'DWBrowser' from project 'DWBrowser')
    cd /Users/noone/Downloads/Program/myGithub/MAC_Xcode_DWBrowserS1
    write-file /Users/noone/Library/Developer/Xcode/DerivedData/DWBrowser-cmsfpyohmdxzhbcsciinysvlglxd/Build/Intermediates.noindex/DWBrowser.build/Debug/DWBrowser.build/Objects-normal/arm64/DWBrowser-OutputFileMap.json

WriteAuxiliaryFile /Users/noone/Library/Developer/Xcode/DerivedData/DWBrowser-cmsfpyohmdxzhbcsciinysvlglxd/Build/Intermediates.noindex/DWBrowser.build/Debug/DWBrowser.build/DerivedSources/Entitlements.plist (in target 'DWBrowser' from project 'DWBrowser')
    cd /Users/noone/Downloads/Program/myGithub/MAC_Xcode_DWBrowserS1
    write-file /Users/noone/Library/Developer/Xcode/DerivedData/DWBrowser-cmsfpyohmdxzhbcsciinysvlglxd/Build/Intermediates.noindex/DWBrowser.build/Debug/DWBrowser.build/DerivedSources/Entitlements.plist

WriteAuxiliaryFile /Users/noone/Library/Developer/Xcode/DerivedData/DWBrowser-cmsfpyohmdxzhbcsciinysvlglxd/Build/Intermediates.noindex/DWBrowser.build/Debug/DWBrowser.build/DWBrowser.DependencyStaticMetadataFileList (in target 'DWBrowser' from project 'DWBrowser')
    cd /Users/noone/Downloads/Program/myGithub/MAC_Xcode_DWBrowserS1
    write-file /Users/noone/Library/Developer/Xcode/DerivedData/DWBrowser-cmsfpyohmdxzhbcsciinysvlglxd/Build/Intermediates.noindex/DWBrowser.build/Debug/DWBrowser.build/DWBrowser.DependencyStaticMetadataFileList

WriteAuxiliaryFile /Users/noone/Library/Developer/Xcode/DerivedData/DWBrowser-cmsfpyohmdxzhbcsciinysvlglxd/Build/Intermediates.noindex/DWBrowser.build/Debug/DWBrowser.build/Objects-normal/arm64/DWBrowser.LinkFileList (in target 'DWBrowser' from project 'DWBrowser')
    cd /Users/noone/Downloads/Program/myGithub/MAC_Xcode_DWBrowserS1
    write-file /Users/noone/Library/Developer/Xcode/DerivedData/DWBrowser-cmsfpyohmdxzhbcsciinysvlglxd/Build/Intermediates.noindex/DWBrowser.build/Debug/DWBrowser.build/Objects-normal/arm64/DWBrowser.LinkFileList

WriteAuxiliaryFile /Users/noone/Library/Developer/Xcode/DerivedData/DWBrowser-cmsfpyohmdxzhbcsciinysvlglxd/Build/Intermediates.noindex/DWBrowser.build/Debug/DWBrowser.build/DWBrowser.DependencyMetadataFileList (in target 'DWBrowser' from project 'DWBrowser')
    cd /Users/noone/Downloads/Program/myGithub/MAC_Xcode_DWBrowserS1
    write-file /Users/noone/Library/Developer/Xcode/DerivedData/DWBrowser-cmsfpyohmdxzhbcsciinysvlglxd/Build/Intermediates.noindex/DWBrowser.build/Debug/DWBrowser.build/DWBrowser.DependencyMetadataFileList

WriteAuxiliaryFile /Users/noone/Library/Developer/Xcode/DerivedData/DWBrowser-cmsfpyohmdxzhbcsciinysvlglxd/Build/Intermediates.noindex/DWBrowser.build/Debug/DWBrowser.build/DWBrowser-own-target-headers.hmap (in target 'DWBrowser' from project 'DWBrowser')
    cd /Users/noone/Downloads/Program/myGithub/MAC_Xcode_DWBrowserS1
    write-file /Users/noone/Library/Developer/Xcode/DerivedData/DWBrowser-cmsfpyohmdxzhbcsciinysvlglxd/Build/Intermediates.noindex/DWBrowser.build/Debug/DWBrowser.build/DWBrowser-own-target-headers.hmap

WriteAuxiliaryFile /Users/noone/Library/Developer/Xcode/DerivedData/DWBrowser-cmsfpyohmdxzhbcsciinysvlglxd/Build/Intermediates.noindex/DWBrowser.build/Debug/DWBrowser.build/DWBrowser-generated-files.hmap (in target 'DWBrowser' from project 'DWBrowser')
    cd /Users/noone/Downloads/Program/myGithub/MAC_Xcode_DWBrowserS1
    write-file /Users/noone/Library/Developer/Xcode/DerivedData/DWBrowser-cmsfpyohmdxzhbcsciinysvlglxd/Build/Intermediates.noindex/DWBrowser.build/Debug/DWBrowser.build/DWBrowser-generated-files.hmap

WriteAuxiliaryFile /Users/noone/Library/Developer/Xcode/DerivedData/DWBrowser-cmsfpyohmdxzhbcsciinysvlglxd/Build/Intermediates.noindex/DWBrowser.build/Debug/DWBrowser.build/DWBrowser-all-target-headers.hmap (in target 'DWBrowser' from project 'DWBrowser')
    cd /Users/noone/Downloads/Program/myGithub/MAC_Xcode_DWBrowserS1
    write-file /Users/noone/Library/Developer/Xcode/DerivedData/DWBrowser-cmsfpyohmdxzhbcsciinysvlglxd/Build/Intermediates.noindex/DWBrowser.build/Debug/DWBrowser.build/DWBrowser-all-target-headers.hmap

WriteAuxiliaryFile /Users/noone/Library/Developer/Xcode/DerivedData/DWBrowser-cmsfpyohmdxzhbcsciinysvlglxd/Build/Intermediates.noindex/DWBrowser.build/Debug/DWBrowser.build/DWBrowser-DebugDylibPath-normal-arm64.txt (in target 'DWBrowser' from project 'DWBrowser')
    cd /Users/noone/Downloads/Program/myGithub/MAC_Xcode_DWBrowserS1
    write-file /Users/noone/Library/Developer/Xcode/DerivedData/DWBrowser-cmsfpyohmdxzhbcsciinysvlglxd/Build/Intermediates.noindex/DWBrowser.build/Debug/DWBrowser.build/DWBrowser-DebugDylibPath-normal-arm64.txt

WriteAuxiliaryFile /Users/noone/Library/Developer/Xcode/DerivedData/DWBrowser-cmsfpyohmdxzhbcsciinysvlglxd/Build/Intermediates.noindex/DWBrowser.build/Debug/DWBrowser.build/DWBrowser-all-non-framework-target-headers.hmap (in target 'DWBrowser' from project 'DWBrowser')
    cd /Users/noone/Downloads/Program/myGithub/MAC_Xcode_DWBrowserS1
    write-file /Users/noone/Library/Developer/Xcode/DerivedData/DWBrowser-cmsfpyohmdxzhbcsciinysvlglxd/Build/Intermediates.noindex/DWBrowser.build/Debug/DWBrowser.build/DWBrowser-all-non-framework-target-headers.hmap

WriteAuxiliaryFile /Users/noone/Library/Developer/Xcode/DerivedData/DWBrowser-cmsfpyohmdxzhbcsciinysvlglxd/Build/Intermediates.noindex/DWBrowser.build/Debug/DWBrowser.build/DWBrowser-DebugDylibInstallName-normal-arm64.txt (in target 'DWBrowser' from project 'DWBrowser')
    cd /Users/noone/Downloads/Program/myGithub/MAC_Xcode_DWBrowserS1
    write-file /Users/noone/Library/Developer/Xcode/DerivedData/DWBrowser-cmsfpyohmdxzhbcsciinysvlglxd/Build/Intermediates.noindex/DWBrowser.build/Debug/DWBrowser.build/DWBrowser-DebugDylibInstallName-normal-arm64.txt

MkDir /Users/noone/Library/Developer/Xcode/DerivedData/DWBrowser-cmsfpyohmdxzhbcsciinysvlglxd/Build/Products/Debug/DWBrowser.app/Contents/MacOS (in target 'DWBrowser' from project 'DWBrowser')
    cd /Users/noone/Downloads/Program/myGithub/MAC_Xcode_DWBrowserS1
    /bin/mkdir -p /Users/noone/Library/Developer/Xcode/DerivedData/DWBrowser-cmsfpyohmdxzhbcsciinysvlglxd/Build/Products/Debug/DWBrowser.app/Contents/MacOS

MkDir /Users/noone/Library/Developer/Xcode/DerivedData/DWBrowser-cmsfpyohmdxzhbcsciinysvlglxd/Build/Products/Debug/DWBrowser.app/Contents (in target 'DWBrowser' from project 'DWBrowser')
    cd /Users/noone/Downloads/Program/myGithub/MAC_Xcode_DWBrowserS1
    /bin/mkdir -p /Users/noone/Library/Developer/Xcode/DerivedData/DWBrowser-cmsfpyohmdxzhbcsciinysvlglxd/Build/Products/Debug/DWBrowser.app/Contents

MkDir /Users/noone/Library/Developer/Xcode/DerivedData/DWBrowser-cmsfpyohmdxzhbcsciinysvlglxd/Build/Products/Debug/DWBrowser.app/Contents/Resources (in target 'DWBrowser' from project 'DWBrowser')
    cd /Users/noone/Downloads/Program/myGithub/MAC_Xcode_DWBrowserS1
    /bin/mkdir -p /Users/noone/Library/Developer/Xcode/DerivedData/DWBrowser-cmsfpyohmdxzhbcsciinysvlglxd/Build/Products/Debug/DWBrowser.app/Contents/Resources

MkDir /Users/noone/Library/Developer/Xcode/DerivedData/DWBrowser-cmsfpyohmdxzhbcsciinysvlglxd/Build/Products/Debug/DWBrowser.app (in target 'DWBrowser' from project 'DWBrowser')
    cd /Users/noone/Downloads/Program/myGithub/MAC_Xcode_DWBrowserS1
    /bin/mkdir -p /Users/noone/Library/Developer/Xcode/DerivedData/DWBrowser-cmsfpyohmdxzhbcsciinysvlglxd/Build/Products/Debug/DWBrowser.app

ProcessProductPackaging /Users/noone/Downloads/Program/myGithub/MAC_Xcode_DWBrowserS1/DWBrowser/DWBrowser.entitlements /Users/noone/Library/Developer/Xcode/DerivedData/DWBrowser-cmsfpyohmdxzhbcsciinysvlglxd/Build/Intermediates.noindex/DWBrowser.build/Debug/DWBrowser.build/DWBrowser.app.xcent (in target 'DWBrowser' from project 'DWBrowser')
    cd /Users/noone/Downloads/Program/myGithub/MAC_Xcode_DWBrowserS1
    
    Entitlements:
    
    {
    "com.apple.security.files.user-selected.read-only" = 1;
    "com.apple.security.get-task-allow" = 1;
    "com.apple.security.network.client" = 1;
}
    
    builtin-productPackagingUtility /Users/noone/Downloads/Program/myGithub/MAC_Xcode_DWBrowserS1/DWBrowser/DWBrowser.entitlements -entitlements -format xml -o /Users/noone/Library/Developer/Xcode/DerivedData/DWBrowser-cmsfpyohmdxzhbcsciinysvlglxd/Build/Intermediates.noindex/DWBrowser.build/Debug/DWBrowser.build/DWBrowser.app.xcent

ProcessProductPackagingDER /Users/noone/Library/Developer/Xcode/DerivedData/DWBrowser-cmsfpyohmdxzhbcsciinysvlglxd/Build/Intermediates.noindex/DWBrowser.build/Debug/DWBrowser.build/DWBrowser.app.xcent /Users/noone/Library/Developer/Xcode/DerivedData/DWBrowser-cmsfpyohmdxzhbcsciinysvlglxd/Build/Intermediates.noindex/DWBrowser.build/Debug/DWBrowser.build/DWBrowser.app.xcent.der (in target 'DWBrowser' from project 'DWBrowser')
    cd /Users/noone/Downloads/Program/myGithub/MAC_Xcode_DWBrowserS1
    /usr/bin/derq query -f xml -i /Users/noone/Library/Developer/Xcode/DerivedData/DWBrowser-cmsfpyohmdxzhbcsciinysvlglxd/Build/Intermediates.noindex/DWBrowser.build/Debug/DWBrowser.build/DWBrowser.app.xcent -o /Users/noone/Library/Developer/Xcode/DerivedData/DWBrowser-cmsfpyohmdxzhbcsciinysvlglxd/Build/Intermediates.noindex/DWBrowser.build/Debug/DWBrowser.build/DWBrowser.app.xcent.der --raw

Ld /Users/noone/Library/Developer/Xcode/DerivedData/DWBrowser-cmsfpyohmdxzhbcsciinysvlglxd/Build/Products/Debug/DWBrowser.app/Contents/MacOS/__preview.dylib normal (in target 'DWBrowser' from project 'DWBrowser')
    cd /Users/noone/Downloads/Program/myGithub/MAC_Xcode_DWBrowserS1
    /Applications/Xcode.app/Contents/Developer/Toolchains/XcodeDefault.xctoolchain/usr/bin/clang -Xlinker -reproducible -target arm64-apple-macos11.0 -dynamiclib -isysroot /Applications/Xcode.app/Contents/Developer/Platforms/MacOSX.platform/Developer/SDKs/MacOSX26.1.sdk -O0 -L/Users/noone/Library/Developer/Xcode/DerivedData/DWBrowser-cmsfpyohmdxzhbcsciinysvlglxd/Build/Products/Debug -F/Users/noone/Library/Developer/Xcode/DerivedData/DWBrowser-cmsfpyohmdxzhbcsciinysvlglxd/Build/Products/Debug -install_name @rpath/DWBrowser.debug.dylib -rdynamic -Xlinker -no_deduplicate -Xlinker -dependency_info -Xlinker /Users/noone/Library/Developer/Xcode/DerivedData/DWBrowser-cmsfpyohmdxzhbcsciinysvlglxd/Build/Intermediates.noindex/DWBrowser.build/Debug/DWBrowser.build/Objects-normal/arm64/DWBrowser_dependency_info.dat -Xlinker -no_adhoc_codesign -o /Users/noone/Library/Developer/Xcode/DerivedData/DWBrowser-cmsfpyohmdxzhbcsciinysvlglxd/Build/Products/Debug/DWBrowser.app/Contents/MacOS/__preview.dylib

MkDir /Users/noone/Library/Developer/Xcode/DerivedData/DWBrowser-cmsfpyohmdxzhbcsciinysvlglxd/Build/Intermediates.noindex/DWBrowser.build/Debug/DWBrowser.build/assetcatalog_output/unthinned (in target 'DWBrowser' from project 'DWBrowser')
    cd /Users/noone/Downloads/Program/myGithub/MAC_Xcode_DWBrowserS1
    /bin/mkdir -p /Users/noone/Library/Developer/Xcode/DerivedData/DWBrowser-cmsfpyohmdxzhbcsciinysvlglxd/Build/Intermediates.noindex/DWBrowser.build/Debug/DWBrowser.build/assetcatalog_output/unthinned

CopyPlistFile /Users/noone/Library/Developer/Xcode/DerivedData/DWBrowser-cmsfpyohmdxzhbcsciinysvlglxd/Build/Products/Debug/DWBrowser.app/Contents/Resources/Info.plist /Users/noone/Downloads/Program/myGithub/MAC_Xcode_DWBrowserS1/DWBrowser/Info.plist (in target 'DWBrowser' from project 'DWBrowser')
    cd /Users/noone/Downloads/Program/myGithub/MAC_Xcode_DWBrowserS1
    builtin-copyPlist --outdir /Users/noone/Library/Developer/Xcode/DerivedData/DWBrowser-cmsfpyohmdxzhbcsciinysvlglxd/Build/Products/Debug/DWBrowser.app/Contents/Resources -- /Users/noone/Downloads/Program/myGithub/MAC_Xcode_DWBrowserS1/DWBrowser/Info.plist

GenerateAssetSymbols /Users/noone/Downloads/Program/myGithub/MAC_Xcode_DWBrowserS1/DWBrowser/Assets.xcassets (in target 'DWBrowser' from project 'DWBrowser')
    cd /Users/noone/Downloads/Program/myGithub/MAC_Xcode_DWBrowserS1
    /Applications/Xcode.app/Contents/Developer/usr/bin/actool /Users/noone/Downloads/Program/myGithub/MAC_Xcode_DWBrowserS1/DWBrowser/Assets.xcassets --compile /Users/noone/Library/Developer/Xcode/DerivedData/DWBrowser-cmsfpyohmdxzhbcsciinysvlglxd/Build/Products/Debug/DWBrowser.app/Contents/Resources --output-format human-readable-text --notices --warnings --export-dependency-info /Users/noone/Library/Developer/Xcode/DerivedData/DWBrowser-cmsfpyohmdxzhbcsciinysvlglxd/Build/Intermediates.noindex/DWBrowser.build/Debug/DWBrowser.build/assetcatalog_dependencies --output-partial-info-plist /Users/noone/Library/Developer/Xcode/DerivedData/DWBrowser-cmsfpyohmdxzhbcsciinysvlglxd/Build/Intermediates.noindex/DWBrowser.build/Debug/DWBrowser.build/assetcatalog_generated_info.plist --app-icon AppIcon --accent-color AccentColor --enable-on-demand-resources NO --development-region en --target-device mac --minimum-deployment-target 11.0 --platform macosx --bundle-identifier shylockwolf.DWBrowser --generate-swift-asset-symbols /Users/noone/Library/Developer/Xcode/DerivedData/DWBrowser-cmsfpyohmdxzhbcsciinysvlglxd/Build/Intermediates.noindex/DWBrowser.build/Debug/DWBrowser.build/DerivedSources/GeneratedAssetSymbols.swift --generate-objc-asset-symbols /Users/noone/Library/Developer/Xcode/DerivedData/DWBrowser-cmsfpyohmdxzhbcsciinysvlglxd/Build/Intermediates.noindex/DWBrowser.build/Debug/DWBrowser.build/DerivedSources/GeneratedAssetSymbols.h --generate-asset-symbol-index /Users/noone/Library/Developer/Xcode/DerivedData/DWBrowser-cmsfpyohmdxzhbcsciinysvlglxd/Build/Intermediates.noindex/DWBrowser.build/Debug/DWBrowser.build/DerivedSources/GeneratedAssetSymbols-Index.plist
/* com.apple.actool.document.warnings */
/Users/noone/Downloads/Program/myGithub/MAC_Xcode_DWBrowserS1/DWBrowser/Assets.xcassets:./AppIcon.appiconset/[][mac][256x256][][][2x][][][][]: warning: The app icon set "AppIcon" references a file "AppIcon-256x256@2x.svg", but that file does not have a valid extension.
/Users/noone/Downloads/Program/myGithub/MAC_Xcode_DWBrowserS1/DWBrowser/Assets.xcassets:./AppIcon.appiconset/[][mac][512x512][][][1x][][][][]: warning: The app icon set "AppIcon" references a file "AppIcon-512x512@1x.svg", but that file does not have a valid extension.
/Users/noone/Downloads/Program/myGithub/MAC_Xcode_DWBrowserS1/DWBrowser/Assets.xcassets:./AppIcon.appiconset/[][mac][512x512][][][2x][][][][]: warning: The app icon set "AppIcon" references a file "AppIcon-512x512@2x.svg", but that file does not have a valid extension.
/Users/noone/Downloads/Program/myGithub/MAC_Xcode_DWBrowserS1/DWBrowser/Assets.xcassets:./AppIcon.appiconset/[][mac][32x32][][][2x][][][][]: warning: The app icon set "AppIcon" references a file "AppIcon-32x32@2x.svg", but that file does not have a valid extension.
/Users/noone/Downloads/Program/myGithub/MAC_Xcode_DWBrowserS1/DWBrowser/Assets.xcassets:./AppIcon.appiconset/[][mac][16x16][][][1x][][][][]: warning: The app icon set "AppIcon" references a file "AppIcon-16x16@1x.svg", but that file does not have a valid extension.
/Users/noone/Downloads/Program/myGithub/MAC_Xcode_DWBrowserS1/DWBrowser/Assets.xcassets:./AppIcon.appiconset/[][mac][32x32][][][1x][][][][]: warning: The app icon set "AppIcon" references a file "AppIcon-32x32@1x.svg", but that file does not have a valid extension.
/Users/noone/Downloads/Program/myGithub/MAC_Xcode_DWBrowserS1/DWBrowser/Assets.xcassets:./AppIcon.appiconset/[][mac][128x128][][][2x][][][][]: warning: The app icon set "AppIcon" references a file "AppIcon-128x128@2x.svg", but that file does not have a valid extension.
/Users/noone/Downloads/Program/myGithub/MAC_Xcode_DWBrowserS1/DWBrowser/Assets.xcassets:./AppIcon.appiconset/[][mac][16x16][][][2x][][][][]: warning: The app icon set "AppIcon" references a file "AppIcon-16x16@2x.svg", but that file does not have a valid extension.
/Users/noone/Downloads/Program/myGithub/MAC_Xcode_DWBrowserS1/DWBrowser/Assets.xcassets:./AppIcon.appiconset/[][mac][128x128][][][1x][][][][]: warning: The app icon set "AppIcon" references a file "AppIcon-128x128@1x.svg", but that file does not have a valid extension.
/Users/noone/Downloads/Program/myGithub/MAC_Xcode_DWBrowserS1/DWBrowser/Assets.xcassets:./AppIcon.appiconset/[][mac][256x256][][][1x][][][][]: warning: The app icon set "AppIcon" references a file "AppIcon-256x256@1x.svg", but that file does not have a valid extension.
/Users/noone/Downloads/Program/myGithub/MAC_Xcode_DWBrowserS1/DWBrowser/Assets.xcassets:./AppIcon.appiconset/[][mac][256x256][][][2x][][][][]: warning: The app icon set "AppIcon" references a file "AppIcon-256x256@2x.svg", but that file does not have a valid extension.
/Users/noone/Downloads/Program/myGithub/MAC_Xcode_DWBrowserS1/DWBrowser/Assets.xcassets:./AppIcon.appiconset/[][mac][512x512][][][1x][][][][]: warning: The app icon set "AppIcon" references a file "AppIcon-512x512@1x.svg", but that file does not have a valid extension.
/Users/noone/Downloads/Program/myGithub/MAC_Xcode_DWBrowserS1/DWBrowser/Assets.xcassets:./AppIcon.appiconset/[][mac][512x512][][][2x][][][][]: warning: The app icon set "AppIcon" references a file "AppIcon-512x512@2x.svg", but that file does not have a valid extension.
/Users/noone/Downloads/Program/myGithub/MAC_Xcode_DWBrowserS1/DWBrowser/Assets.xcassets:./AppIcon.appiconset/[][mac][32x32][][][2x][][][][]: warning: The app icon set "AppIcon" references a file "AppIcon-32x32@2x.svg", but that file does not have a valid extension.
/Users/noone/Downloads/Program/myGithub/MAC_Xcode_DWBrowserS1/DWBrowser/Assets.xcassets:./AppIcon.appiconset/[][mac][16x16][][][1x][][][][]: warning: The app icon set "AppIcon" references a file "AppIcon-16x16@1x.svg", but that file does not have a valid extension.
/Users/noone/Downloads/Program/myGithub/MAC_Xcode_DWBrowserS1/DWBrowser/Assets.xcassets:./AppIcon.appiconset/[][mac][32x32][][][1x][][][][]: warning: The app icon set "AppIcon" references a file "AppIcon-32x32@1x.svg", but that file does not have a valid extension.
/Users/noone/Downloads/Program/myGithub/MAC_Xcode_DWBrowserS1/DWBrowser/Assets.xcassets:./AppIcon.appiconset/[][mac][128x128][][][2x][][][][]: warning: The app icon set "AppIcon" references a file "AppIcon-128x128@2x.svg", but that file does not have a valid extension.
/Users/noone/Downloads/Program/myGithub/MAC_Xcode_DWBrowserS1/DWBrowser/Assets.xcassets:./AppIcon.appiconset/[][mac][16x16][][][2x][][][][]: warning: The app icon set "AppIcon" references a file "AppIcon-16x16@2x.svg", but that file does not have a valid extension.
/Users/noone/Downloads/Program/myGithub/MAC_Xcode_DWBrowserS1/DWBrowser/Assets.xcassets:./AppIcon.appiconset/[][mac][128x128][][][1x][][][][]: warning: The app icon set "AppIcon" references a file "AppIcon-128x128@1x.svg", but that file does not have a valid extension.
/Users/noone/Downloads/Program/myGithub/MAC_Xcode_DWBrowserS1/DWBrowser/Assets.xcassets:./AppIcon.appiconset/[][mac][256x256][][][1x][][][][]: warning: The app icon set "AppIcon" references a file "AppIcon-256x256@1x.svg", but that file does not have a valid extension.
/* com.apple.actool.compilation-results */
/Users/noone/Library/Developer/Xcode/DerivedData/DWBrowser-cmsfpyohmdxzhbcsciinysvlglxd/Build/Intermediates.noindex/DWBrowser.build/Debug/DWBrowser.build/DerivedSources/GeneratedAssetSymbols-Index.plist
/Users/noone/Library/Developer/Xcode/DerivedData/DWBrowser-cmsfpyohmdxzhbcsciinysvlglxd/Build/Intermediates.noindex/DWBrowser.build/Debug/DWBrowser.build/DerivedSources/GeneratedAssetSymbols.h
/Users/noone/Library/Developer/Xcode/DerivedData/DWBrowser-cmsfpyohmdxzhbcsciinysvlglxd/Build/Intermediates.noindex/DWBrowser.build/Debug/DWBrowser.build/DerivedSources/GeneratedAssetSymbols.swift


MkDir /Users/noone/Library/Developer/Xcode/DerivedData/DWBrowser-cmsfpyohmdxzhbcsciinysvlglxd/Build/Intermediates.noindex/DWBrowser.build/Debug/DWBrowser.build/assetcatalog_output/thinned (in target 'DWBrowser' from project 'DWBrowser')
    cd /Users/noone/Downloads/Program/myGithub/MAC_Xcode_DWBrowserS1
    /bin/mkdir -p /Users/noone/Library/Developer/Xcode/DerivedData/DWBrowser-cmsfpyohmdxzhbcsciinysvlglxd/Build/Intermediates.noindex/DWBrowser.build/Debug/DWBrowser.build/assetcatalog_output/thinned

CompileAssetCatalogVariant thinned /Users/noone/Library/Developer/Xcode/DerivedData/DWBrowser-cmsfpyohmdxzhbcsciinysvlglxd/Build/Products/Debug/DWBrowser.app/Contents/Resources /Users/noone/Downloads/Program/myGithub/MAC_Xcode_DWBrowserS1/DWBrowser/Assets.xcassets (in target 'DWBrowser' from project 'DWBrowser')
    cd /Users/noone/Downloads/Program/myGithub/MAC_Xcode_DWBrowserS1
    /Applications/Xcode.app/Contents/Developer/usr/bin/actool /Users/noone/Downloads/Program/myGithub/MAC_Xcode_DWBrowserS1/DWBrowser/Assets.xcassets --compile /Users/noone/Library/Developer/Xcode/DerivedData/DWBrowser-cmsfpyohmdxzhbcsciinysvlglxd/Build/Intermediates.noindex/DWBrowser.build/Debug/DWBrowser.build/assetcatalog_output/thinned --output-format human-readable-text --notices --warnings --export-dependency-info /Users/noone/Library/Developer/Xcode/DerivedData/DWBrowser-cmsfpyohmdxzhbcsciinysvlglxd/Build/Intermediates.noindex/DWBrowser.build/Debug/DWBrowser.build/assetcatalog_dependencies_thinned --output-partial-info-plist /Users/noone/Library/Developer/Xcode/DerivedData/DWBrowser-cmsfpyohmdxzhbcsciinysvlglxd/Build/Intermediates.noindex/DWBrowser.build/Debug/DWBrowser.build/assetcatalog_generated_info.plist_thinned --app-icon AppIcon --accent-color AccentColor --enable-on-demand-resources NO --development-region en --target-device mac --minimum-deployment-target 11.0 --platform macosx
dyld[5528]: symbol '_kFigCaptionRegionDisplayAlign_Before' missing from root that overrides /System/Library/Frameworks/CoreMedia.framework/Versions/A/CoreMedia. Use of that symbol in /System/Library/PrivateFrameworks/AVFCore.framework/Versions/A/AVFCore is being set to 0xBAD4007.
dyld[5528]: symbol '_kFigCaptionRegionDisplayAlign_After' missing from root that overrides /System/Library/Frameworks/CoreMedia.framework/Versions/A/CoreMedia. Use of that symbol in /System/Library/PrivateFrameworks/AVFCore.framework/Versions/A/AVFCore is being set to 0xBAD4007.
dyld[5528]: symbol '_kFigCaptionRegionDisplayAlign_Center' missing from root that overrides /System/Library/Frameworks/CoreMedia.framework/Versions/A/CoreMedia. Use of that symbol in /System/Library/PrivateFrameworks/AVFCore.framework/Versions/A/AVFCore is being set to 0xBAD4007.
dyld[5528]: symbol '_kFigCaptionTextAlign_Start' missing from root that overrides /System/Library/Frameworks/CoreMedia.framework/Versions/A/CoreMedia. Use of that symbol in /System/Library/PrivateFrameworks/AVFCore.framework/Versions/A/AVFCore is being set to 0xBAD4007.
dyld[5528]: symbol '_kFigCaptionTextAlign_End' missing from root that overrides /System/Library/Frameworks/CoreMedia.framework/Versions/A/CoreMedia. Use of that symbol in /System/Library/PrivateFrameworks/AVFCore.framework/Versions/A/AVFCore is being set to 0xBAD4007.
dyld[5528]: symbol '_kFigCaptionTextAlign_Center' missing from root that overrides /System/Library/Frameworks/CoreMedia.framework/Versions/A/CoreMedia. Use of that symbol in /System/Library/PrivateFrameworks/AVFCore.framework/Versions/A/AVFCore is being set to 0xBAD4007.
dyld[5528]: symbol '_kFigCaptionTextAlign_Left' missing from root that overrides /System/Library/Frameworks/CoreMedia.framework/Versions/A/CoreMedia. Use of that symbol in /System/Library/PrivateFrameworks/AVFCore.framework/Versions/A/AVFCore is being set to 0xBAD4007.
dyld[5528]: symbol '_kFigCaptionTextAlign_Right' missing from root that overrides /System/Library/Frameworks/CoreMedia.framework/Versions/A/CoreMedia. Use of that symbol in /System/Library/PrivateFrameworks/AVFCore.framework/Versions/A/AVFCore is being set to 0xBAD4007.
dyld[5528]: symbol '_kFigEndpointNotification_AuthenticationSucceeded' missing from root that overrides /System/Library/Frameworks/CoreMedia.framework/Versions/A/CoreMedia. Use of that symbol in /System/Library/PrivateFrameworks/AVFCore.framework/Versions/A/AVFCore is being set to 0xBAD4007.
dyld[5528]: symbol '_kFigEndpointNotification_iOSUIRequested' missing from root that overrides /System/Library/Frameworks/CoreMedia.framework/Versions/A/CoreMedia. Use of that symbol in /System/Library/PrivateFrameworks/AVFCore.framework/Versions/A/AVFCore is being set to 0xBAD4007.
dyld[5528]: symbol '_kFigEndpointNotification_SiriRequested' missing from root that overrides /System/Library/Frameworks/CoreMedia.framework/Versions/A/CoreMedia. Use of that symbol in /System/Library/PrivateFrameworks/AVFCore.framework/Versions/A/AVFCore is being set to 0xBAD4007.
dyld[5528]: symbol '_kFigEndPointNotification_EnhancedSiriParametersChanged' missing from root that overrides /System/Library/Frameworks/CoreMedia.framework/Versions/A/CoreMedia. Use of that symbol in /System/Library/PrivateFrameworks/AVFCore.framework/Versions/A/AVFCore is being set to 0xBAD4007.
dyld[5528]: symbol '_kFigEndpointNotification_NightModeChanged' missing from root that overrides /System/Library/Frameworks/CoreMedia.framework/Versions/A/CoreMedia. Use of that symbol in /System/Library/PrivateFrameworks/AVFCore.framework/Versions/A/AVFCore is being set to 0xBAD4007.
dyld[5528]: symbol '_kFigEndpointNotification_LimitedUIChanged' missing from root that overrides /System/Library/Frameworks/CoreMedia.framework/Versions/A/CoreMedia. Use of that symbol in /System/Library/PrivateFrameworks/AVFCore.framework/Versions/A/AVFCore is being set to 0xBAD4007.
dyld[5528]: symbol '_kFigEndpointNotification_PerformanceReportPosted' missing from root that overrides /System/Library/Frameworks/CoreMedia.framework/Versions/A/CoreMedia. Use of that symbol in /System/Library/PrivateFrameworks/AVFCore.framework/Versions/A/AVFCore is being set to 0xBAD4007.
dyld[5528]: symbol '_kFigEndpointNotification_UnhandledRemoteEvent' missing from root that overrides /System/Library/Frameworks/CoreMedia.framework/Versions/A/CoreMedia. Use of that symbol in /System/Library/PrivateFrameworks/AVFCore.framework/Versions/A/AVFCore is being set to 0xBAD4007.
dyld[5528]: symbol '_kFigEndpointNotification_CarPlayTest' missing from root that overrides /System/Library/Frameworks/CoreMedia.framework/Versions/A/CoreMedia. Use of that symbol in /System/Library/PrivateFrameworks/AVFCore.framework/Versions/A/AVFCore is being set to 0xBAD4007.
dyld[5528]: symbol '_kFigVideoQueueNotification_NowBelowLowWaterLevel' missing from root that overrides /System/Library/Frameworks/MediaToolbox.framework/Versions/A/MediaToolbox. Use of that symbol in /System/Library/PrivateFrameworks/AVFCore.framework/Versions/A/AVFCore is being set to 0xBAD4007.
dyld[5528]: symbol '_kFigVideoQueueNotification_DecodeError' missing from root that overrides /System/Library/Frameworks/MediaToolbox.framework/Versions/A/MediaToolbox. Use of that symbol in /System/Library/PrivateFrameworks/AVFCore.framework/Versions/A/AVFCore is being set to 0xBAD4007.
dyld[5528]: symbol '_kFigVideoQueueNotification_Failed' missing from root that overrides /System/Library/Frameworks/MediaToolbox.framework/Versions/A/MediaToolbox. Use of that symbol in /System/Library/PrivateFrameworks/AVFCore.framework/Versions/A/AVFCore is being set to 0xBAD4007.
dyld[5528]: symbol '_kFigVideoQueueNotification_ExternalProtectionStatusChanged' missing from root that overrides /System/Library/Frameworks/MediaToolbox.framework/Versions/A/MediaToolbox. Use of that symbol in /System/Library/PrivateFrameworks/AVFCore.framework/Versions/A/AVFCore is being set to 0xBAD4007.
dyld[5528]: symbol '_kFigVideoQueueNotification_FlushComplete' missing from root that overrides /System/Library/Frameworks/MediaToolbox.framework/Versions/A/MediaToolbox. Use of that symbol in /System/Library/PrivateFrameworks/AVFCore.framework/Versions/A/AVFCore is being set to 0xBAD4007.
dyld[5528]: symbol '_kFigVideoQueueNotification_CompletedDecodeForPreroll' missing from root that overrides /System/Library/Frameworks/MediaToolbox.framework/Versions/A/MediaToolbox. Use of that symbol in /System/Library/PrivateFrameworks/AVFCore.framework/Versions/A/AVFCore is being set to 0xBAD4007.
dyld[5528]: symbol '_kFigVideoQueueNotification_FirstVideoFrameEnqueued' missing from root that overrides /System/Library/Frameworks/MediaToolbox.framework/Versions/A/MediaToolbox. Use of that symbol in /System/Library/PrivateFrameworks/AVFCore.framework/Versions/A/AVFCore is being set to 0xBAD4007.
dyld[5528]: symbol '_kFigVideoQueueNotification_LostDecoderState' missing from root that overrides /System/Library/Frameworks/MediaToolbox.framework/Versions/A/MediaToolbox. Use of that symbol in /System/Library/PrivateFrameworks/AVFCore.framework/Versions/A/AVFCore is being set to 0xBAD4007.
dyld[5528]: symbol '_OBJC_CLASS_$_FigBaseCALayer' missing from root that overrides /System/Library/Frameworks/MediaToolbox.framework/Versions/A/MediaToolbox. Use of that symbol in /System/Library/PrivateFrameworks/AVFCore.framework/Versions/A/AVFCore is being set to 0xBAD4007.
dyld[5528]: symbol '_OBJC_METACLASS_$_FigBaseCALayer' missing from root that overrides /System/Library/Frameworks/MediaToolbox.framework/Versions/A/MediaToolbox. Use of that symbol in /System/Library/PrivateFrameworks/AVFCore.framework/Versions/A/AVFCore is being set to 0xBAD4007.
CoreGraphics PDF has logged an error. Set environment variable "CG_PDF_VERBOSE" to learn more.
/* com.apple.actool.document.warnings */
/Users/noone/Downloads/Program/myGithub/MAC_Xcode_DWBrowserS1/DWBrowser/Assets.xcassets:./AppIcon.appiconset/[][mac][128x128][][][2x][][][][]: warning: The app icon set "AppIcon" references a file "AppIcon-128x128@2x.svg", but that file does not have a valid extension.
/Users/noone/Downloads/Program/myGithub/MAC_Xcode_DWBrowserS1/DWBrowser/Assets.xcassets:./AppIcon.appiconset/[][mac][256x256][][][2x][][][][]: warning: The app icon set "AppIcon" references a file "AppIcon-256x256@2x.svg", but that file does not have a valid extension.
/Users/noone/Downloads/Program/myGithub/MAC_Xcode_DWBrowserS1/DWBrowser/Assets.xcassets:./AppIcon.appiconset/[][mac][512x512][][][1x][][][][]: warning: The app icon set "AppIcon" references a file "AppIcon-512x512@1x.svg", but that file does not have a valid extension.
/Users/noone/Downloads/Program/myGithub/MAC_Xcode_DWBrowserS1/DWBrowser/Assets.xcassets:./AppIcon.appiconset/[][mac][512x512][][][2x][][][][]: warning: The app icon set "AppIcon" references a file "AppIcon-512x512@2x.svg", but that file does not have a valid extension.
/Users/noone/Downloads/Program/myGithub/MAC_Xcode_DWBrowserS1/DWBrowser/Assets.xcassets:./AppIcon.appiconset/[][mac][128x128][][][1x][][][][]: warning: The app icon set "AppIcon" references a file "AppIcon-128x128@1x.svg", but that file does not have a valid extension.
/Users/noone/Downloads/Program/myGithub/MAC_Xcode_DWBrowserS1/DWBrowser/Assets.xcassets:./AppIcon.appiconset/[][mac][32x32][][][2x][][][][]: warning: The app icon set "AppIcon" references a file "AppIcon-32x32@2x.svg", but that file does not have a valid extension.
/Users/noone/Downloads/Program/myGithub/MAC_Xcode_DWBrowserS1/DWBrowser/Assets.xcassets:./AppIcon.appiconset/[][mac][16x16][][][2x][][][][]: warning: The app icon set "AppIcon" references a file "AppIcon-16x16@2x.svg", but that file does not have a valid extension.
/Users/noone/Downloads/Program/myGithub/MAC_Xcode_DWBrowserS1/DWBrowser/Assets.xcassets:./AppIcon.appiconset/[][mac][16x16][][][1x][][][][]: warning: The app icon set "AppIcon" references a file "AppIcon-16x16@1x.svg", but that file does not have a valid extension.
/Users/noone/Downloads/Program/myGithub/MAC_Xcode_DWBrowserS1/DWBrowser/Assets.xcassets:./AppIcon.appiconset/[][mac][256x256][][][1x][][][][]: warning: The app icon set "AppIcon" references a file "AppIcon-256x256@1x.svg", but that file does not have a valid extension.
/Users/noone/Downloads/Program/myGithub/MAC_Xcode_DWBrowserS1/DWBrowser/Assets.xcassets:./AppIcon.appiconset/[][mac][32x32][][][1x][][][][]: warning: The app icon set "AppIcon" references a file "AppIcon-32x32@1x.svg", but that file does not have a valid extension.
/Users/noone/Downloads/Program/myGithub/MAC_Xcode_DWBrowserS1/DWBrowser/Assets.xcassets:./AppIcon.appiconset/[][mac][16x16][][][1x][][][][]: warning: The app icon set "AppIcon" references a file "AppIcon-16x16@1x.svg", but that file does not have a valid extension.
/Users/noone/Downloads/Program/myGithub/MAC_Xcode_DWBrowserS1/DWBrowser/Assets.xcassets:./AppIcon.appiconset/[][mac][32x32][][][2x][][][][]: warning: The app icon set "AppIcon" references a file "AppIcon-32x32@2x.svg", but that file does not have a valid extension.
/Users/noone/Downloads/Program/myGithub/MAC_Xcode_DWBrowserS1/DWBrowser/Assets.xcassets:./AppIcon.appiconset/[][mac][256x256][][][1x][][][][]: warning: The app icon set "AppIcon" references a file "AppIcon-256x256@1x.svg", but that file does not have a valid extension.
/Users/noone/Downloads/Program/myGithub/MAC_Xcode_DWBrowserS1/DWBrowser/Assets.xcassets:./AppIcon.appiconset/[][mac][128x128][][][2x][][][][]: warning: The app icon set "AppIcon" references a file "AppIcon-128x128@2x.svg", but that file does not have a valid extension.
/Users/noone/Downloads/Program/myGithub/MAC_Xcode_DWBrowserS1/DWBrowser/Assets.xcassets:./AppIcon.appiconset/[][mac][32x32][][][1x][][][][]: warning: The app icon set "AppIcon" references a file "AppIcon-32x32@1x.svg", but that file does not have a valid extension.
/Users/noone/Downloads/Program/myGithub/MAC_Xcode_DWBrowserS1/DWBrowser/Assets.xcassets:./AppIcon.appiconset/[][mac][128x128][][][1x][][][][]: warning: The app icon set "AppIcon" references a file "AppIcon-128x128@1x.svg", but that file does not have a valid extension.
/Users/noone/Downloads/Program/myGithub/MAC_Xcode_DWBrowserS1/DWBrowser/Assets.xcassets:./AppIcon.appiconset/[][mac][256x256][][][2x][][][][]: warning: The app icon set "AppIcon" references a file "AppIcon-256x256@2x.svg", but that file does not have a valid extension.
/Users/noone/Downloads/Program/myGithub/MAC_Xcode_DWBrowserS1/DWBrowser/Assets.xcassets:./AppIcon.appiconset/[][mac][512x512][][][1x][][][][]: warning: The app icon set "AppIcon" references a file "AppIcon-512x512@1x.svg", but that file does not have a valid extension.
/Users/noone/Downloads/Program/myGithub/MAC_Xcode_DWBrowserS1/DWBrowser/Assets.xcassets:./AppIcon.appiconset/[][mac][512x512][][][2x][][][][]: warning: The app icon set "AppIcon" references a file "AppIcon-512x512@2x.svg", but that file does not have a valid extension.
/Users/noone/Downloads/Program/myGithub/MAC_Xcode_DWBrowserS1/DWBrowser/Assets.xcassets:./AppIcon.appiconset/[][mac][16x16][][][2x][][][][]: warning: The app icon set "AppIcon" references a file "AppIcon-16x16@2x.svg", but that file does not have a valid extension.
/Users/noone/Downloads/Program/myGithub/MAC_Xcode_DWBrowserS1/DWBrowser/Assets.xcassets:./AppIcon.appiconset/[][mac][128x128][][][2x][][][][]: warning: The app icon set "AppIcon" references a file "AppIcon-128x128@2x.svg", but that file does not have a valid extension.
/Users/noone/Downloads/Program/myGithub/MAC_Xcode_DWBrowserS1/DWBrowser/Assets.xcassets:./AppIcon.appiconset/[][mac][256x256][][][2x][][][][]: warning: The app icon set "AppIcon" references a file "AppIcon-256x256@2x.svg", but that file does not have a valid extension.
/Users/noone/Downloads/Program/myGithub/MAC_Xcode_DWBrowserS1/DWBrowser/Assets.xcassets:./AppIcon.appiconset/[][mac][512x512][][][1x][][][][]: warning: The app icon set "AppIcon" references a file "AppIcon-512x512@1x.svg", but that file does not have a valid extension.
/Users/noone/Downloads/Program/myGithub/MAC_Xcode_DWBrowserS1/DWBrowser/Assets.xcassets:./AppIcon.appiconset/[][mac][512x512][][][2x][][][][]: warning: The app icon set "AppIcon" references a file "AppIcon-512x512@2x.svg", but that file does not have a valid extension.
/Users/noone/Downloads/Program/myGithub/MAC_Xcode_DWBrowserS1/DWBrowser/Assets.xcassets:./AppIcon.appiconset/[][mac][128x128][][][1x][][][][]: warning: The app icon set "AppIcon" references a file "AppIcon-128x128@1x.svg", but that file does not have a valid extension.
/Users/noone/Downloads/Program/myGithub/MAC_Xcode_DWBrowserS1/DWBrowser/Assets.xcassets:./AppIcon.appiconset/[][mac][32x32][][][2x][][][][]: warning: The app icon set "AppIcon" references a file "AppIcon-32x32@2x.svg", but that file does not have a valid extension.
/Users/noone/Downloads/Program/myGithub/MAC_Xcode_DWBrowserS1/DWBrowser/Assets.xcassets:./AppIcon.appiconset/[][mac][16x16][][][2x][][][][]: warning: The app icon set "AppIcon" references a file "AppIcon-16x16@2x.svg", but that file does not have a valid extension.
/Users/noone/Downloads/Program/myGithub/MAC_Xcode_DWBrowserS1/DWBrowser/Assets.xcassets:./AppIcon.appiconset/[][mac][16x16][][][1x][][][][]: warning: The app icon set "AppIcon" references a file "AppIcon-16x16@1x.svg", but that file does not have a valid extension.
/Users/noone/Downloads/Program/myGithub/MAC_Xcode_DWBrowserS1/DWBrowser/Assets.xcassets:./AppIcon.appiconset/[][mac][256x256][][][1x][][][][]: warning: The app icon set "AppIcon" references a file "AppIcon-256x256@1x.svg", but that file does not have a valid extension.
/Users/noone/Downloads/Program/myGithub/MAC_Xcode_DWBrowserS1/DWBrowser/Assets.xcassets:./AppIcon.appiconset/[][mac][32x32][][][1x][][][][]: warning: The app icon set "AppIcon" references a file "AppIcon-32x32@1x.svg", but that file does not have a valid extension.
/* com.apple.actool.compilation-results */
/Users/noone/Library/Developer/Xcode/DerivedData/DWBrowser-cmsfpyohmdxzhbcsciinysvlglxd/Build/Intermediates.noindex/DWBrowser.build/Debug/DWBrowser.build/assetcatalog_generated_info.plist_thinned
/Users/noone/Library/Developer/Xcode/DerivedData/DWBrowser-cmsfpyohmdxzhbcsciinysvlglxd/Build/Intermediates.noindex/DWBrowser.build/Debug/DWBrowser.build/assetcatalog_output/thinned/AppIcon.icns
/Users/noone/Library/Developer/Xcode/DerivedData/DWBrowser-cmsfpyohmdxzhbcsciinysvlglxd/Build/Intermediates.noindex/DWBrowser.build/Debug/DWBrowser.build/assetcatalog_output/thinned/Assets.car


SwiftDriver DWBrowser normal arm64 com.apple.xcode.tools.swift.compiler (in target 'DWBrowser' from project 'DWBrowser')
    cd /Users/noone/Downloads/Program/myGithub/MAC_Xcode_DWBrowserS1
    builtin-SwiftDriver -- /Applications/Xcode.app/Contents/Developer/Toolchains/XcodeDefault.xctoolchain/usr/bin/swiftc -module-name DWBrowser -Onone -enforce-exclusivity\=checked @/Users/noone/Library/Developer/Xcode/DerivedData/DWBrowser-cmsfpyohmdxzhbcsciinysvlglxd/Build/Intermediates.noindex/DWBrowser.build/Debug/DWBrowser.build/Objects-normal/arm64/DWBrowser.SwiftFileList -DDEBUG -default-isolation\=MainActor -enable-bare-slash-regex -enable-upcoming-feature DisableOutwardActorInference -enable-upcoming-feature InferSendableFromCaptures -enable-upcoming-feature GlobalActorIsolatedTypesUsability -enable-upcoming-feature MemberImportVisibility -enable-upcoming-feature InferIsolatedConformances -enable-upcoming-feature NonisolatedNonsendingByDefault -enable-experimental-feature DebugDescriptionMacro -sdk /Applications/Xcode.app/Contents/Developer/Platforms/MacOSX.platform/Developer/SDKs/MacOSX26.1.sdk -target arm64-apple-macos11.0 -g -module-cache-path /Users/noone/Library/Developer/Xcode/DerivedData/ModuleCache.noindex -Xfrontend -serialize-debugging-options -enable-testing -index-store-path /Users/noone/Library/Developer/Xcode/DerivedData/DWBrowser-cmsfpyohmdxzhbcsciinysvlglxd/Index.noindex/DataStore -Xcc -D_LIBCPP_HARDENING_MODE\=_LIBCPP_HARDENING_MODE_DEBUG -swift-version 5 -I /Users/noone/Library/Developer/Xcode/DerivedData/DWBrowser-cmsfpyohmdxzhbcsciinysvlglxd/Build/Products/Debug -F /Users/noone/Library/Developer/Xcode/DerivedData/DWBrowser-cmsfpyohmdxzhbcsciinysvlglxd/Build/Products/Debug -emit-localized-strings -emit-localized-strings-path /Users/noone/Library/Developer/Xcode/DerivedData/DWBrowser-cmsfpyohmdxzhbcsciinysvlglxd/Build/Intermediates.noindex/DWBrowser.build/Debug/DWBrowser.build/Objects-normal/arm64 -c -j8 -enable-batch-mode -incremental -Xcc -ivfsstatcache -Xcc /Users/noone/Library/Developer/Xcode/DerivedData/SDKStatCaches.noindex/macosx26.1-25B74-3ae1261907bdadc328169391a47051a6.sdkstatcache -output-file-map /Users/noone/Library/Developer/Xcode/DerivedData/DWBrowser-cmsfpyohmdxzhbcsciinysvlglxd/Build/Intermediates.noindex/DWBrowser.build/Debug/DWBrowser.build/Objects-normal/arm64/DWBrowser-OutputFileMap.json -use-frontend-parseable-output -save-temps -no-color-diagnostics -explicit-module-build -module-cache-path /Users/noone/Library/Developer/Xcode/DerivedData/DWBrowser-cmsfpyohmdxzhbcsciinysvlglxd/Build/Intermediates.noindex/SwiftExplicitPrecompiledModules -clang-scanner-module-cache-path /Users/noone/Library/Developer/Xcode/DerivedData/ModuleCache.noindex -sdk-module-cache-path /Users/noone/Library/Developer/Xcode/DerivedData/ModuleCache.noindex -serialize-diagnostics -emit-dependencies -emit-module -emit-module-path /Users/noone/Library/Developer/Xcode/DerivedData/DWBrowser-cmsfpyohmdxzhbcsciinysvlglxd/Build/Intermediates.noindex/DWBrowser.build/Debug/DWBrowser.build/Objects-normal/arm64/DWBrowser.swiftmodule -validate-clang-modules-once -clang-build-session-file /Users/noone/Library/Developer/Xcode/DerivedData/ModuleCache.noindex/Session.modulevalidation -Xcc -I/Users/noone/Library/Developer/Xcode/DerivedData/DWBrowser-cmsfpyohmdxzhbcsciinysvlglxd/Build/Intermediates.noindex/DWBrowser.build/Debug/DWBrowser.build/swift-overrides.hmap -emit-const-values -Xfrontend -const-gather-protocols-file -Xfrontend /Users/noone/Library/Developer/Xcode/DerivedData/DWBrowser-cmsfpyohmdxzhbcsciinysvlglxd/Build/Intermediates.noindex/DWBrowser.build/Debug/DWBrowser.build/Objects-normal/arm64/DWBrowser_const_extract_protocols.json -Xcc -iquote -Xcc /Users/noone/Library/Developer/Xcode/DerivedData/DWBrowser-cmsfpyohmdxzhbcsciinysvlglxd/Build/Intermediates.noindex/DWBrowser.build/Debug/DWBrowser.build/DWBrowser-generated-files.hmap -Xcc -I/Users/noone/Library/Developer/Xcode/DerivedData/DWBrowser-cmsfpyohmdxzhbcsciinysvlglxd/Build/Intermediates.noindex/DWBrowser.build/Debug/DWBrowser.build/DWBrowser-own-target-headers.hmap -Xcc -I/Users/noone/Library/Developer/Xcode/DerivedData/DWBrowser-cmsfpyohmdxzhbcsciinysvlglxd/Build/Intermediates.noindex/DWBrowser.build/Debug/DWBrowser.build/DWBrowser-all-target-headers.hmap -Xcc -iquote -Xcc /Users/noone/Library/Developer/Xcode/DerivedData/DWBrowser-cmsfpyohmdxzhbcsciinysvlglxd/Build/Intermediates.noindex/DWBrowser.build/Debug/DWBrowser.build/DWBrowser-project-headers.hmap -Xcc -I/Users/noone/Library/Developer/Xcode/DerivedData/DWBrowser-cmsfpyohmdxzhbcsciinysvlglxd/Build/Products/Debug/include -Xcc -I/Users/noone/Library/Developer/Xcode/DerivedData/DWBrowser-cmsfpyohmdxzhbcsciinysvlglxd/Build/Intermediates.noindex/DWBrowser.build/Debug/DWBrowser.build/DerivedSources-normal/arm64 -Xcc -I/Users/noone/Library/Developer/Xcode/DerivedData/DWBrowser-cmsfpyohmdxzhbcsciinysvlglxd/Build/Intermediates.noindex/DWBrowser.build/Debug/DWBrowser.build/DerivedSources/arm64 -Xcc -I/Users/noone/Library/Developer/Xcode/DerivedData/DWBrowser-cmsfpyohmdxzhbcsciinysvlglxd/Build/Intermediates.noindex/DWBrowser.build/Debug/DWBrowser.build/DerivedSources -Xcc -DDEBUG\=1 -emit-objc-header -emit-objc-header-path /Users/noone/Library/Developer/Xcode/DerivedData/DWBrowser-cmsfpyohmdxzhbcsciinysvlglxd/Build/Intermediates.noindex/DWBrowser.build/Debug/DWBrowser.build/Objects-normal/arm64/DWBrowser-Swift.h -working-directory /Users/noone/Downloads/Program/myGithub/MAC_Xcode_DWBrowserS1 -experimental-emit-module-separately -disable-cmo

SwiftCompile normal arm64 Compiling\ FileOperationService.swift,\ SFTPConnectionStore.swift,\ SFTPService.swift /Users/noone/Downloads/Program/myGithub/MAC_Xcode_DWBrowserS1/DWBrowser/Services/FileOperationService.swift /Users/noone/Downloads/Program/myGithub/MAC_Xcode_DWBrowserS1/DWBrowser/Services/SFTPConnectionStore.swift /Users/noone/Downloads/Program/myGithub/MAC_Xcode_DWBrowserS1/DWBrowser/Services/SFTPService.swift (in target 'DWBrowser' from project 'DWBrowser')
SwiftCompile normal arm64 /Users/noone/Downloads/Program/myGithub/MAC_Xcode_DWBrowserS1/DWBrowser/Services/FileOperationService.swift (in target 'DWBrowser' from project 'DWBrowser')
    cd /Users/noone/Downloads/Program/myGithub/MAC_Xcode_DWBrowserS1
    

SwiftCompile normal arm64 /Users/noone/Downloads/Program/myGithub/MAC_Xcode_DWBrowserS1/DWBrowser/Services/SFTPConnectionStore.swift (in target 'DWBrowser' from project 'DWBrowser')
    cd /Users/noone/Downloads/Program/myGithub/MAC_Xcode_DWBrowserS1
    

SwiftCompile normal arm64 /Users/noone/Downloads/Program/myGithub/MAC_Xcode_DWBrowserS1/DWBrowser/Services/SFTPService.swift (in target 'DWBrowser' from project 'DWBrowser')
    cd /Users/noone/Downloads/Program/myGithub/MAC_Xcode_DWBrowserS1
    
/Users/noone/Downloads/Program/myGithub/MAC_Xcode_DWBrowserS1/DWBrowser/Services/SFTPService.swift:174:25: warning: variable 'baseRemotePath' was written to, but never read
                    var baseRemotePath = "/"
                        ^

SwiftCompile normal arm64 Compiling\ FavoriteItem.swift,\ SFTPConnectionRecord.swift,\ ExternalDeviceService.swift /Users/noone/Downloads/Program/myGithub/MAC_Xcode_DWBrowserS1/DWBrowser/Models/FavoriteItem.swift /Users/noone/Downloads/Program/myGithub/MAC_Xcode_DWBrowserS1/DWBrowser/Models/SFTPConnectionRecord.swift /Users/noone/Downloads/Program/myGithub/MAC_Xcode_DWBrowserS1/DWBrowser/Services/ExternalDeviceService.swift (in target 'DWBrowser' from project 'DWBrowser')

SwiftCompile normal arm64 /Users/noone/Downloads/Program/myGithub/MAC_Xcode_DWBrowserS1/DWBrowser/Models/FavoriteItem.swift (in target 'DWBrowser' from project 'DWBrowser')
    cd /Users/noone/Downloads/Program/myGithub/MAC_Xcode_DWBrowserS1
    

SwiftCompile normal arm64 /Users/noone/Downloads/Program/myGithub/MAC_Xcode_DWBrowserS1/DWBrowser/Models/SFTPConnectionRecord.swift (in target 'DWBrowser' from project 'DWBrowser')
    cd /Users/noone/Downloads/Program/myGithub/MAC_Xcode_DWBrowserS1
    

SwiftCompile normal arm64 /Users/noone/Downloads/Program/myGithub/MAC_Xcode_DWBrowserS1/DWBrowser/Services/ExternalDeviceService.swift (in target 'DWBrowser' from project 'DWBrowser')
    cd /Users/noone/Downloads/Program/myGithub/MAC_Xcode_DWBrowserS1
    

SwiftCompile normal arm64 Compiling\ ContentViewModel.swift,\ CopyProgress.swift,\ ExternalDevice.swift /Users/noone/Downloads/Program/myGithub/MAC_Xcode_DWBrowserS1/DWBrowser/Models/ContentViewModel.swift /Users/noone/Downloads/Program/myGithub/MAC_Xcode_DWBrowserS1/DWBrowser/Models/CopyProgress.swift /Users/noone/Downloads/Program/myGithub/MAC_Xcode_DWBrowserS1/DWBrowser/Models/ExternalDevice.swift (in target 'DWBrowser' from project 'DWBrowser')

SwiftCompile normal arm64 /Users/noone/Downloads/Program/myGithub/MAC_Xcode_DWBrowserS1/DWBrowser/Models/ContentViewModel.swift (in target 'DWBrowser' from project 'DWBrowser')
    cd /Users/noone/Downloads/Program/myGithub/MAC_Xcode_DWBrowserS1
    

SwiftCompile normal arm64 /Users/noone/Downloads/Program/myGithub/MAC_Xcode_DWBrowserS1/DWBrowser/Models/CopyProgress.swift (in target 'DWBrowser' from project 'DWBrowser')
    cd /Users/noone/Downloads/Program/myGithub/MAC_Xcode_DWBrowserS1
    

SwiftCompile normal arm64 /Users/noone/Downloads/Program/myGithub/MAC_Xcode_DWBrowserS1/DWBrowser/Models/ExternalDevice.swift (in target 'DWBrowser' from project 'DWBrowser')
    cd /Users/noone/Downloads/Program/myGithub/MAC_Xcode_DWBrowserS1
    

SwiftCompile normal arm64 Compiling\ ContentView+ExternalDevices.swift,\ ContentView+FileOperations.swift,\ ContentView+SFTP.swift /Users/noone/Downloads/Program/myGithub/MAC_Xcode_DWBrowserS1/DWBrowser/Views/ContentView+ExternalDevices.swift /Users/noone/Downloads/Program/myGithub/MAC_Xcode_DWBrowserS1/DWBrowser/Views/ContentView+FileOperations.swift /Users/noone/Downloads/Program/myGithub/MAC_Xcode_DWBrowserS1/DWBrowser/Views/ContentView+SFTP.swift (in target 'DWBrowser' from project 'DWBrowser')
SwiftCompile normal arm64 /Users/noone/Downloads/Program/myGithub/MAC_Xcode_DWBrowserS1/DWBrowser/Views/ContentView+ExternalDevices.swift (in target 'DWBrowser' from project 'DWBrowser')
    cd /Users/noone/Downloads/Program/myGithub/MAC_Xcode_DWBrowserS1
    

SwiftCompile normal arm64 /Users/noone/Downloads/Program/myGithub/MAC_Xcode_DWBrowserS1/DWBrowser/Views/ContentView+FileOperations.swift (in target 'DWBrowser' from project 'DWBrowser')
    cd /Users/noone/Downloads/Program/myGithub/MAC_Xcode_DWBrowserS1
    

SwiftCompile normal arm64 /Users/noone/Downloads/Program/myGithub/MAC_Xcode_DWBrowserS1/DWBrowser/Views/ContentView+SFTP.swift (in target 'DWBrowser' from project 'DWBrowser')
    cd /Users/noone/Downloads/Program/myGithub/MAC_Xcode_DWBrowserS1
    

SwiftCompile normal arm64 Compiling\ SidebarView.swift,\ ContentView.swift /Users/noone/Downloads/Program/myGithub/MAC_Xcode_DWBrowserS1/DWBrowser/Views/SidebarView.swift /Users/noone/Downloads/Program/myGithub/MAC_Xcode_DWBrowserS1/DWBrowser/ContentView.swift (in target 'DWBrowser' from project 'DWBrowser')
SwiftCompile normal arm64 /Users/noone/Downloads/Program/myGithub/MAC_Xcode_DWBrowserS1/DWBrowser/Views/SidebarView.swift (in target 'DWBrowser' from project 'DWBrowser')
    cd /Users/noone/Downloads/Program/myGithub/MAC_Xcode_DWBrowserS1
    

SwiftCompile normal arm64 /Users/noone/Downloads/Program/myGithub/MAC_Xcode_DWBrowserS1/DWBrowser/ContentView.swift (in target 'DWBrowser' from project 'DWBrowser')
    cd /Users/noone/Downloads/Program/myGithub/MAC_Xcode_DWBrowserS1
    
/Users/noone/Downloads/Program/myGithub/MAC_Xcode_DWBrowserS1/DWBrowser/ContentView.swift:241:41: warning: conditional downcast from 'URL?' to 'URL' does nothing
                    if let url = object as? URL {
                                 ~~~~~~~^~~~~~~
                                       
/Users/noone/Downloads/Program/myGithub/MAC_Xcode_DWBrowserS1/DWBrowser/ContentView.swift:235:26: warning: result of call to 'loadObject(ofClass:completionHandler:)' is unused
                provider.loadObject(ofClass: URL.self) { (object, error) in
                         ^         ~~~~~~~~~~~~~~~~~~~~~~~~~~~~~~~~~~~~~~~~
/Users/noone/Downloads/Program/myGithub/MAC_Xcode_DWBrowserS1/DWBrowser/ContentView.swift:303:25: error: the compiler is unable to type-check this expression in reasonable time; try breaking up the expression into distinct sub-expressions
    var body: some View {
                        ^

Failed frontend command:
/Applications/Xcode.app/Contents/Developer/Toolchains/XcodeDefault.xctoolchain/usr/bin/swift-frontend -frontend -c /Users/noone/Downloads/Program/myGithub/MAC_Xcode_DWBrowserS1/DWBrowser/Models/ContentViewModel.swift /Users/noone/Downloads/Program/myGithub/MAC_Xcode_DWBrowserS1/DWBrowser/Models/CopyProgress.swift /Users/noone/Downloads/Program/myGithub/MAC_Xcode_DWBrowserS1/DWBrowser/Models/ExternalDevice.swift /Users/noone/Downloads/Program/myGithub/MAC_Xcode_DWBrowserS1/DWBrowser/Models/FavoriteItem.swift /Users/noone/Downloads/Program/myGithub/MAC_Xcode_DWBrowserS1/DWBrowser/Models/SFTPConnectionRecord.swift /Users/noone/Downloads/Program/myGithub/MAC_Xcode_DWBrowserS1/DWBrowser/Services/ExternalDeviceService.swift /Users/noone/Downloads/Program/myGithub/MAC_Xcode_DWBrowserS1/DWBrowser/Services/FileOperationService.swift /Users/noone/Downloads/Program/myGithub/MAC_Xcode_DWBrowserS1/DWBrowser/Services/SFTPConnectionStore.swift /Users/noone/Downloads/Program/myGithub/MAC_Xcode_DWBrowserS1/DWBrowser/Services/SFTPService.swift /Users/noone/Downloads/Program/myGithub/MAC_Xcode_DWBrowserS1/DWBrowser/Views/ContentView+ExternalDevices.swift /Users/noone/Downloads/Program/myGithub/MAC_Xcode_DWBrowserS1/DWBrowser/Views/ContentView+FileOperations.swift /Users/noone/Downloads/Program/myGithub/MAC_Xcode_DWBrowserS1/DWBrowser/Views/ContentView+SFTP.swift /Users/noone/Downloads/Program/myGithub/MAC_Xcode_DWBrowserS1/DWBrowser/Views/CopyProgressView.swift /Users/noone/Downloads/Program/myGithub/MAC_Xcode_DWBrowserS1/DWBrowser/Views/FileBrowserPane.swift /Users/noone/Downloads/Program/myGithub/MAC_Xcode_DWBrowserS1/DWBrowser/Views/MainToolbarView.swift /Users/noone/Downloads/Program/myGithub/MAC_Xcode_DWBrowserS1/DWBrowser/Views/ProgressWindow.swift -primary-file /Users/noone/Downloads/Program/myGithub/MAC_Xcode_DWBrowserS1/DWBrowser/Views/SidebarView.swift -primary-file /Users/noone/Downloads/Program/myGithub/MAC_Xcode_DWBrowserS1/DWBrowser/ContentView.swift /Users/noone/Downloads/Program/myGithub/MAC_Xcode_DWBrowserS1/DWBrowser/DWBrowserApp.swift /Users/noone/Library/Developer/Xcode/DerivedData/DWBrowser-cmsfpyohmdxzhbcsciinysvlglxd/Build/Intermediates.noindex/DWBrowser.build/Debug/DWBrowser.build/DerivedSources/GeneratedAssetSymbols.swift -emit-dependencies-path /Users/noone/Library/Developer/Xcode/DerivedData/DWBrowser-cmsfpyohmdxzhbcsciinysvlglxd/Build/Intermediates.noindex/DWBrowser.build/Debug/DWBrowser.build/Objects-normal/arm64/SidebarView.d -emit-const-values-path /Users/noone/Library/Developer/Xcode/DerivedData/DWBrowser-cmsfpyohmdxzhbcsciinysvlglxd/Build/Intermediates.noindex/DWBrowser.build/Debug/DWBrowser.build/Objects-normal/arm64/SidebarView.swiftconstvalues -emit-reference-dependencies-path /Users/noone/Library/Developer/Xcode/DerivedData/DWBrowser-cmsfpyohmdxzhbcsciinysvlglxd/Build/Intermediates.noindex/DWBrowser.build/Debug/DWBrowser.build/Objects-normal/arm64/SidebarView.swiftdeps -serialize-diagnostics-path /Users/noone/Library/Developer/Xcode/DerivedData/DWBrowser-cmsfpyohmdxzhbcsciinysvlglxd/Build/Intermediates.noindex/DWBrowser.build/Debug/DWBrowser.build/Objects-normal/arm64/SidebarView.dia -emit-dependencies-path /Users/noone/Library/Developer/Xcode/DerivedData/DWBrowser-cmsfpyohmdxzhbcsciinysvlglxd/Build/Intermediates.noindex/DWBrowser.build/Debug/DWBrowser.build/Objects-normal/arm64/ContentView.d -emit-const-values-path /Users/noone/Library/Developer/Xcode/DerivedData/DWBrowser-cmsfpyohmdxzhbcsciinysvlglxd/Build/Intermediates.noindex/DWBrowser.build/Debug/DWBrowser.build/Objects-normal/arm64/ContentView.swiftconstvalues -emit-reference-dependencies-path /Users/noone/Library/Developer/Xcode/DerivedData/DWBrowser-cmsfpyohmdxzhbcsciinysvlglxd/Build/Intermediates.noindex/DWBrowser.build/Debug/DWBrowser.build/Objects-normal/arm64/ContentView.swiftdeps -serialize-diagnostics-path /Users/noone/Library/Developer/Xcode/DerivedData/DWBrowser-cmsfpyohmdxzhbcsciinysvlglxd/Build/Intermediates.noindex/DWBrowser.build/Debug/DWBrowser.build/Objects-normal/arm64/ContentView.dia -emit-localized-strings -emit-localized-strings-path /Users/noone/Library/Developer/Xcode/DerivedData/DWBrowser-cmsfpyohmdxzhbcsciinysvlglxd/Build/Intermediates.noindex/DWBrowser.build/Debug/DWBrowser.build/Objects-normal/arm64 -target arm64-apple-macos11.0 -module-can-import-version AppKit 2685.20.119 2685.20.119 -module-can-import-version DeveloperToolsSupport 23.0.4 23.0.4 -module-can-import-version SwiftUI 7.1.13.1 7.1.13 -load-resolved-plugin /Applications/Xcode.app/Contents/Developer/Platforms/MacOSX.platform/Developer/usr/lib/swift/host/plugins/libFoundationMacros.dylib\#/Applications/Xcode.app/Contents/Developer/Platforms/MacOSX.platform/Developer/usr/bin/swift-plugin-server\#FoundationMacros -load-resolved-plugin /Applications/Xcode.app/Contents/Developer/Platforms/MacOSX.platform/Developer/usr/lib/swift/host/plugins/libObservationMacros.dylib\#/Applications/Xcode.app/Contents/Developer/Platforms/MacOSX.platform/Developer/usr/bin/swift-plugin-server\#ObservationMacros -load-resolved-plugin /Applications/Xcode.app/Contents/Developer/Platforms/MacOSX.platform/Developer/usr/lib/swift/host/plugins/libPreviewsMacros.dylib\#/Applications/Xcode.app/Contents/Developer/Platforms/MacOSX.platform/Developer/usr/bin/swift-plugin-server\#PreviewsMacros -load-resolved-plugin /Applications/Xcode.app/Contents/Developer/Platforms/MacOSX.platform/Developer/usr/lib/swift/host/plugins/libSwiftMacros.dylib\#/Applications/Xcode.app/Contents/Developer/Platforms/MacOSX.platform/Developer/usr/bin/swift-plugin-server\#SwiftMacros -load-resolved-plugin /Applications/Xcode.app/Contents/Developer/Platforms/MacOSX.platform/Developer/usr/lib/swift/host/plugins/libSwiftUIMacros.dylib\#/Applications/Xcode.app/Contents/Developer/Platforms/MacOSX.platform/Developer/usr/bin/swift-plugin-server\#SwiftUIMacros -disable-implicit-swift-modules -Xcc -fno-implicit-modules -Xcc -fno-implicit-module-maps -explicit-swift-module-map-file /Users/noone/Library/Developer/Xcode/DerivedData/DWBrowser-cmsfpyohmdxzhbcsciinysvlglxd/Build/Intermediates.noindex/DWBrowser.build/Debug/DWBrowser.build/Objects-normal/arm64/DWBrowser-dependencies-1.json -Xllvm -aarch64-use-tbi -enable-objc-interop -stack-check -sdk /Applications/Xcode.app/Contents/Developer/Platforms/MacOSX.platform/Developer/SDKs/MacOSX26.1.sdk -I /Users/noone/Library/Developer/Xcode/DerivedData/DWBrowser-cmsfpyohmdxzhbcsciinysvlglxd/Build/Products/Debug -F /Users/noone/Library/Developer/Xcode/DerivedData/DWBrowser-cmsfpyohmdxzhbcsciinysvlglxd/Build/Products/Debug -no-color-diagnostics -Xcc -fno-color-diagnostics -enable-testing -g -debug-info-format\=dwarf -dwarf-version\=4 -module-cache-path /Users/noone/Library/Developer/Xcode/DerivedData/DWBrowser-cmsfpyohmdxzhbcsciinysvlglxd/Build/Intermediates.noindex/SwiftExplicitPrecompiledModules -swift-version 5 -enforce-exclusivity\=checked -Onone -D DEBUG -serialize-debugging-options -const-gather-protocols-file /Users/noone/Library/Developer/Xcode/DerivedData/DWBrowser-cmsfpyohmdxzhbcsciinysvlglxd/Build/Intermediates.noindex/DWBrowser.build/Debug/DWBrowser.build/Objects-normal/arm64/DWBrowser_const_extract_protocols.json -enable-upcoming-feature DisableOutwardActorInference -enable-upcoming-feature InferSendableFromCaptures -enable-upcoming-feature GlobalActorIsolatedTypesUsability -enable-upcoming-feature MemberImportVisibility -enable-upcoming-feature InferIsolatedConformances -enable-upcoming-feature NonisolatedNonsendingByDefault -enable-experimental-feature DebugDescriptionMacro -enable-bare-slash-regex -default-isolation\=MainActor -empty-abi-descriptor -validate-clang-modules-once -clang-build-session-file /Users/noone/Library/Developer/Xcode/DerivedData/ModuleCache.noindex/Session.modulevalidation -Xcc -working-directory -Xcc /Users/noone/Downloads/Program/myGithub/MAC_Xcode_DWBrowserS1 -enable-anonymous-context-mangled-names -file-compilation-dir /Users/noone/Downloads/Program/myGithub/MAC_Xcode_DWBrowserS1 -Xcc -D_LIBCPP_HARDENING_MODE\=_LIBCPP_HARDENING_MODE_DEBUG -Xcc -ivfsstatcache -Xcc /Users/noone/Library/Developer/Xcode/DerivedData/SDKStatCaches.noindex/macosx26.1-25B74-3ae1261907bdadc328169391a47051a6.sdkstatcache -Xcc -I/Users/noone/Library/Developer/Xcode/DerivedData/DWBrowser-cmsfpyohmdxzhbcsciinysvlglxd/Build/Intermediates.noindex/DWBrowser.build/Debug/DWBrowser.build/swift-overrides.hmap -Xcc -iquote -Xcc /Users/noone/Library/Developer/Xcode/DerivedData/DWBrowser-cmsfpyohmdxzhbcsciinysvlglxd/Build/Intermediates.noindex/DWBrowser.build/Debug/DWBrowser.build/DWBrowser-generated-files.hmap -Xcc -I/Users/noone/Library/Developer/Xcode/DerivedData/DWBrowser-cmsfpyohmdxzhbcsciinysvlglxd/Build/Intermediates.noindex/DWBrowser.build/Debug/DWBrowser.build/DWBrowser-own-target-headers.hmap -Xcc -I/Users/noone/Library/Developer/Xcode/DerivedData/DWBrowser-cmsfpyohmdxzhbcsciinysvlglxd/Build/Intermediates.noindex/DWBrowser.build/Debug/DWBrowser.build/DWBrowser-all-target-headers.hmap -Xcc -iquote -Xcc /Users/noone/Library/Developer/Xcode/DerivedData/DWBrowser-cmsfpyohmdxzhbcsciinysvlglxd/Build/Intermediates.noindex/DWBrowser.build/Debug/DWBrowser.build/DWBrowser-project-headers.hmap -Xcc -I/Users/noone/Library/Developer/Xcode/DerivedData/DWBrowser-cmsfpyohmdxzhbcsciinysvlglxd/Build/Products/Debug/include -Xcc -I/Users/noone/Library/Developer/Xcode/DerivedData/DWBrowser-cmsfpyohmdxzhbcsciinysvlglxd/Build/Intermediates.noindex/DWBrowser.build/Debug/DWBrowser.build/DerivedSources-normal/arm64 -Xcc -I/Users/noone/Library/Developer/Xcode/DerivedData/DWBrowser-cmsfpyohmdxzhbcsciinysvlglxd/Build/Intermediates.noindex/DWBrowser.build/Debug/DWBrowser.build/DerivedSources/arm64 -Xcc -I/Users/noone/Library/Developer/Xcode/DerivedData/DWBrowser-cmsfpyohmdxzhbcsciinysvlglxd/Build/Intermediates.noindex/DWBrowser.build/Debug/DWBrowser.build/DerivedSources -Xcc -DDEBUG\=1 -no-auto-bridging-header-chaining -module-name DWBrowser -frontend-parseable-output -disable-clang-spi -target-sdk-version 26.1 -target-sdk-name macosx26.1 -clang-target arm64-apple-macos26.1 -in-process-plugin-server-path /Applications/Xcode.app/Contents/Developer/Toolchains/XcodeDefault.xctoolchain/usr/lib/swift/host/libSwiftInProcPluginServer.dylib -o /Users/noone/Library/Developer/Xcode/DerivedData/DWBrowser-cmsfpyohmdxzhbcsciinysvlglxd/Build/Intermediates.noindex/DWBrowser.build/Debug/DWBrowser.build/Objects-normal/arm64/SidebarView.o -o /Users/noone/Library/Developer/Xcode/DerivedData/DWBrowser-cmsfpyohmdxzhbcsciinysvlglxd/Build/Intermediates.noindex/DWBrowser.build/Debug/DWBrowser.build/Objects-normal/arm64/ContentView.o -index-unit-output-path /DWBrowser.build/Debug/DWBrowser.build/Objects-normal/arm64/SidebarView.o -index-unit-output-path /DWBrowser.build/Debug/DWBrowser.build/Objects-normal/arm64/ContentView.o -index-store-path /Users/noone/Library/Developer/Xcode/DerivedData/DWBrowser-cmsfpyohmdxzhbcsciinysvlglxd/Index.noindex/DataStore -index-system-modules
SwiftEmitModule normal arm64 Emitting\ module\ for\ DWBrowser (in target 'DWBrowser' from project 'DWBrowser')

EmitSwiftModule normal arm64 (in target 'DWBrowser' from project 'DWBrowser')
    cd /Users/noone/Downloads/Program/myGithub/MAC_Xcode_DWBrowserS1
    

SwiftCompile normal arm64 Compiling\ MainToolbarView.swift,\ ProgressWindow.swift /Users/noone/Downloads/Program/myGithub/MAC_Xcode_DWBrowserS1/DWBrowser/Views/MainToolbarView.swift /Users/noone/Downloads/Program/myGithub/MAC_Xcode_DWBrowserS1/DWBrowser/Views/ProgressWindow.swift (in target 'DWBrowser' from project 'DWBrowser')

SwiftCompile normal arm64 /Users/noone/Downloads/Program/myGithub/MAC_Xcode_DWBrowserS1/DWBrowser/Views/MainToolbarView.swift (in target 'DWBrowser' from project 'DWBrowser')
    cd /Users/noone/Downloads/Program/myGithub/MAC_Xcode_DWBrowserS1
    

SwiftCompile normal arm64 /Users/noone/Downloads/Program/myGithub/MAC_Xcode_DWBrowserS1/DWBrowser/Views/ProgressWindow.swift (in target 'DWBrowser' from project 'DWBrowser')
    cd /Users/noone/Downloads/Program/myGithub/MAC_Xcode_DWBrowserS1
    

SwiftCompile normal arm64 Compiling\ CopyProgressView.swift,\ FileBrowserPane.swift /Users/noone/Downloads/Program/myGithub/MAC_Xcode_DWBrowserS1/DWBrowser/Views/CopyProgressView.swift /Users/noone/Downloads/Program/myGithub/MAC_Xcode_DWBrowserS1/DWBrowser/Views/FileBrowserPane.swift (in target 'DWBrowser' from project 'DWBrowser')

SwiftCompile normal arm64 /Users/noone/Downloads/Program/myGithub/MAC_Xcode_DWBrowserS1/DWBrowser/Views/CopyProgressView.swift (in target 'DWBrowser' from project 'DWBrowser')
    cd /Users/noone/Downloads/Program/myGithub/MAC_Xcode_DWBrowserS1
    

SwiftCompile normal arm64 /Users/noone/Downloads/Program/myGithub/MAC_Xcode_DWBrowserS1/DWBrowser/Views/FileBrowserPane.swift (in target 'DWBrowser' from project 'DWBrowser')
    cd /Users/noone/Downloads/Program/myGithub/MAC_Xcode_DWBrowserS1
    
/Users/noone/Downloads/Program/myGithub/MAC_Xcode_DWBrowserS1/DWBrowser/Views/FileBrowserPane.swift:185:25: warning: variable 'baseRemotePath' was written to, but never read
                    var baseRemotePath = "/"
                        ^

LinkAssetCatalog /Users/noone/Downloads/Program/myGithub/MAC_Xcode_DWBrowserS1/DWBrowser/Assets.xcassets (in target 'DWBrowser' from project 'DWBrowser')
    cd /Users/noone/Downloads/Program/myGithub/MAC_Xcode_DWBrowserS1
    builtin-linkAssetCatalog --thinned /Users/noone/Library/Developer/Xcode/DerivedData/DWBrowser-cmsfpyohmdxzhbcsciinysvlglxd/Build/Intermediates.noindex/DWBrowser.build/Debug/DWBrowser.build/assetcatalog_output/thinned --thinned-dependencies /Users/noone/Library/Developer/Xcode/DerivedData/DWBrowser-cmsfpyohmdxzhbcsciinysvlglxd/Build/Intermediates.noindex/DWBrowser.build/Debug/DWBrowser.build/assetcatalog_dependencies_thinned --thinned-info-plist-content /Users/noone/Library/Developer/Xcode/DerivedData/DWBrowser-cmsfpyohmdxzhbcsciinysvlglxd/Build/Intermediates.noindex/DWBrowser.build/Debug/DWBrowser.build/assetcatalog_generated_info.plist_thinned --unthinned /Users/noone/Library/Developer/Xcode/DerivedData/DWBrowser-cmsfpyohmdxzhbcsciinysvlglxd/Build/Intermediates.noindex/DWBrowser.build/Debug/DWBrowser.build/assetcatalog_output/unthinned --unthinned-dependencies /Users/noone/Library/Developer/Xcode/DerivedData/DWBrowser-cmsfpyohmdxzhbcsciinysvlglxd/Build/Intermediates.noindex/DWBrowser.build/Debug/DWBrowser.build/assetcatalog_dependencies_unthinned --unthinned-info-plist-content /Users/noone/Library/Developer/Xcode/DerivedData/DWBrowser-cmsfpyohmdxzhbcsciinysvlglxd/Build/Intermediates.noindex/DWBrowser.build/Debug/DWBrowser.build/assetcatalog_generated_info.plist_unthinned --output /Users/noone/Library/Developer/Xcode/DerivedData/DWBrowser-cmsfpyohmdxzhbcsciinysvlglxd/Build/Products/Debug/DWBrowser.app/Contents/Resources --plist-output /Users/noone/Library/Developer/Xcode/DerivedData/DWBrowser-cmsfpyohmdxzhbcsciinysvlglxd/Build/Intermediates.noindex/DWBrowser.build/Debug/DWBrowser.build/assetcatalog_generated_info.plist
note: Emplaced /Users/noone/Library/Developer/Xcode/DerivedData/DWBrowser-cmsfpyohmdxzhbcsciinysvlglxd/Build/Products/Debug/DWBrowser.app/Contents/Resources/Assets.car (in target 'DWBrowser' from project 'DWBrowser')
note: Emplaced /Users/noone/Library/Developer/Xcode/DerivedData/DWBrowser-cmsfpyohmdxzhbcsciinysvlglxd/Build/Products/Debug/DWBrowser.app/Contents/Resources/AppIcon.icns (in target 'DWBrowser' from project 'DWBrowser')

SwiftDriverJobDiscovery normal arm64 Emitting module for DWBrowser (in target 'DWBrowser' from project 'DWBrowser')

SwiftDriver\ Compilation\ Requirements DWBrowser normal arm64 com.apple.xcode.tools.swift.compiler (in target 'DWBrowser' from project 'DWBrowser')
    cd /Users/noone/Downloads/Program/myGithub/MAC_Xcode_DWBrowserS1
    builtin-Swift-Compilation-Requirements -- /Applications/Xcode.app/Contents/Developer/Toolchains/XcodeDefault.xctoolchain/usr/bin/swiftc -module-name DWBrowser -Onone -enforce-exclusivity\=checked @/Users/noone/Library/Developer/Xcode/DerivedData/DWBrowser-cmsfpyohmdxzhbcsciinysvlglxd/Build/Intermediates.noindex/DWBrowser.build/Debug/DWBrowser.build/Objects-normal/arm64/DWBrowser.SwiftFileList -DDEBUG -default-isolation\=MainActor -enable-bare-slash-regex -enable-upcoming-feature DisableOutwardActorInference -enable-upcoming-feature InferSendableFromCaptures -enable-upcoming-feature GlobalActorIsolatedTypesUsability -enable-upcoming-feature MemberImportVisibility -enable-upcoming-feature InferIsolatedConformances -enable-upcoming-feature NonisolatedNonsendingByDefault -enable-experimental-feature DebugDescriptionMacro -sdk /Applications/Xcode.app/Contents/Developer/Platforms/MacOSX.platform/Developer/SDKs/MacOSX26.1.sdk -target arm64-apple-macos11.0 -g -module-cache-path /Users/noone/Library/Developer/Xcode/DerivedData/ModuleCache.noindex -Xfrontend -serialize-debugging-options -enable-testing -index-store-path /Users/noone/Library/Developer/Xcode/DerivedData/DWBrowser-cmsfpyohmdxzhbcsciinysvlglxd/Index.noindex/DataStore -Xcc -D_LIBCPP_HARDENING_MODE\=_LIBCPP_HARDENING_MODE_DEBUG -swift-version 5 -I /Users/noone/Library/Developer/Xcode/DerivedData/DWBrowser-cmsfpyohmdxzhbcsciinysvlglxd/Build/Products/Debug -F /Users/noone/Library/Developer/Xcode/DerivedData/DWBrowser-cmsfpyohmdxzhbcsciinysvlglxd/Build/Products/Debug -emit-localized-strings -emit-localized-strings-path /Users/noone/Library/Developer/Xcode/DerivedData/DWBrowser-cmsfpyohmdxzhbcsciinysvlglxd/Build/Intermediates.noindex/DWBrowser.build/Debug/DWBrowser.build/Objects-normal/arm64 -c -j8 -enable-batch-mode -incremental -Xcc -ivfsstatcache -Xcc /Users/noone/Library/Developer/Xcode/DerivedData/SDKStatCaches.noindex/macosx26.1-25B74-3ae1261907bdadc328169391a47051a6.sdkstatcache -output-file-map /Users/noone/Library/Developer/Xcode/DerivedData/DWBrowser-cmsfpyohmdxzhbcsciinysvlglxd/Build/Intermediates.noindex/DWBrowser.build/Debug/DWBrowser.build/Objects-normal/arm64/DWBrowser-OutputFileMap.json -use-frontend-parseable-output -save-temps -no-color-diagnostics -explicit-module-build -module-cache-path /Users/noone/Library/Developer/Xcode/DerivedData/DWBrowser-cmsfpyohmdxzhbcsciinysvlglxd/Build/Intermediates.noindex/SwiftExplicitPrecompiledModules -clang-scanner-module-cache-path /Users/noone/Library/Developer/Xcode/DerivedData/ModuleCache.noindex -sdk-module-cache-path /Users/noone/Library/Developer/Xcode/DerivedData/ModuleCache.noindex -serialize-diagnostics -emit-dependencies -emit-module -emit-module-path /Users/noone/Library/Developer/Xcode/DerivedData/DWBrowser-cmsfpyohmdxzhbcsciinysvlglxd/Build/Intermediates.noindex/DWBrowser.build/Debug/DWBrowser.build/Objects-normal/arm64/DWBrowser.swiftmodule -validate-clang-modules-once -clang-build-session-file /Users/noone/Library/Developer/Xcode/DerivedData/ModuleCache.noindex/Session.modulevalidation -Xcc -I/Users/noone/Library/Developer/Xcode/DerivedData/DWBrowser-cmsfpyohmdxzhbcsciinysvlglxd/Build/Intermediates.noindex/DWBrowser.build/Debug/DWBrowser.build/swift-overrides.hmap -emit-const-values -Xfrontend -const-gather-protocols-file -Xfrontend /Users/noone/Library/Developer/Xcode/DerivedData/DWBrowser-cmsfpyohmdxzhbcsciinysvlglxd/Build/Intermediates.noindex/DWBrowser.build/Debug/DWBrowser.build/Objects-normal/arm64/DWBrowser_const_extract_protocols.json -Xcc -iquote -Xcc /Users/noone/Library/Developer/Xcode/DerivedData/DWBrowser-cmsfpyohmdxzhbcsciinysvlglxd/Build/Intermediates.noindex/DWBrowser.build/Debug/DWBrowser.build/DWBrowser-generated-files.hmap -Xcc -I/Users/noone/Library/Developer/Xcode/DerivedData/DWBrowser-cmsfpyohmdxzhbcsciinysvlglxd/Build/Intermediates.noindex/DWBrowser.build/Debug/DWBrowser.build/DWBrowser-own-target-headers.hmap -Xcc -I/Users/noone/Library/Developer/Xcode/DerivedData/DWBrowser-cmsfpyohmdxzhbcsciinysvlglxd/Build/Intermediates.noindex/DWBrowser.build/Debug/DWBrowser.build/DWBrowser-all-target-headers.hmap -Xcc -iquote -Xcc /Users/noone/Library/Developer/Xcode/DerivedData/DWBrowser-cmsfpyohmdxzhbcsciinysvlglxd/Build/Intermediates.noindex/DWBrowser.build/Debug/DWBrowser.build/DWBrowser-project-headers.hmap -Xcc -I/Users/noone/Library/Developer/Xcode/DerivedData/DWBrowser-cmsfpyohmdxzhbcsciinysvlglxd/Build/Products/Debug/include -Xcc -I/Users/noone/Library/Developer/Xcode/DerivedData/DWBrowser-cmsfpyohmdxzhbcsciinysvlglxd/Build/Intermediates.noindex/DWBrowser.build/Debug/DWBrowser.build/DerivedSources-normal/arm64 -Xcc -I/Users/noone/Library/Developer/Xcode/DerivedData/DWBrowser-cmsfpyohmdxzhbcsciinysvlglxd/Build/Intermediates.noindex/DWBrowser.build/Debug/DWBrowser.build/DerivedSources/arm64 -Xcc -I/Users/noone/Library/Developer/Xcode/DerivedData/DWBrowser-cmsfpyohmdxzhbcsciinysvlglxd/Build/Intermediates.noindex/DWBrowser.build/Debug/DWBrowser.build/DerivedSources -Xcc -DDEBUG\=1 -emit-objc-header -emit-objc-header-path /Users/noone/Library/Developer/Xcode/DerivedData/DWBrowser-cmsfpyohmdxzhbcsciinysvlglxd/Build/Intermediates.noindex/DWBrowser.build/Debug/DWBrowser.build/Objects-normal/arm64/DWBrowser-Swift.h -working-directory /Users/noone/Downloads/Program/myGithub/MAC_Xcode_DWBrowserS1 -experimental-emit-module-separately -disable-cmo

ProcessInfoPlistFile /Users/noone/Library/Developer/Xcode/DerivedData/DWBrowser-cmsfpyohmdxzhbcsciinysvlglxd/Build/Products/Debug/DWBrowser.app/Contents/Info.plist /Users/noone/Downloads/Program/myGithub/MAC_Xcode_DWBrowserS1/DWBrowser/Info.plist (in target 'DWBrowser' from project 'DWBrowser')
    cd /Users/noone/Downloads/Program/myGithub/MAC_Xcode_DWBrowserS1
    builtin-infoPlistUtility /Users/noone/Downloads/Program/myGithub/MAC_Xcode_DWBrowserS1/DWBrowser/Info.plist -producttype com.apple.product-type.application -genpkginfo /Users/noone/Library/Developer/Xcode/DerivedData/DWBrowser-cmsfpyohmdxzhbcsciinysvlglxd/Build/Products/Debug/DWBrowser.app/Contents/PkgInfo -expandbuildsettings -platform macosx -additionalcontentfile /Users/noone/Library/Developer/Xcode/DerivedData/DWBrowser-cmsfpyohmdxzhbcsciinysvlglxd/Build/Intermediates.noindex/DWBrowser.build/Debug/DWBrowser.build/assetcatalog_generated_info.plist -o /Users/noone/Library/Developer/Xcode/DerivedData/DWBrowser-cmsfpyohmdxzhbcsciinysvlglxd/Build/Products/Debug/DWBrowser.app/Contents/Info.plist

SwiftMergeGeneratedHeaders /Users/noone/Library/Developer/Xcode/DerivedData/DWBrowser-cmsfpyohmdxzhbcsciinysvlglxd/Build/Intermediates.noindex/DWBrowser.build/Debug/DWBrowser.build/DerivedSources/DWBrowser-Swift.h /Users/noone/Library/Developer/Xcode/DerivedData/DWBrowser-cmsfpyohmdxzhbcsciinysvlglxd/Build/Intermediates.noindex/DWBrowser.build/Debug/DWBrowser.build/Objects-normal/arm64/DWBrowser-Swift.h (in target 'DWBrowser' from project 'DWBrowser')
    cd /Users/noone/Downloads/Program/myGithub/MAC_Xcode_DWBrowserS1
    builtin-swiftHeaderTool -arch arm64 /Users/noone/Library/Developer/Xcode/DerivedData/DWBrowser-cmsfpyohmdxzhbcsciinysvlglxd/Build/Intermediates.noindex/DWBrowser.build/Debug/DWBrowser.build/Objects-normal/arm64/DWBrowser-Swift.h -o /Users/noone/Library/Developer/Xcode/DerivedData/DWBrowser-cmsfpyohmdxzhbcsciinysvlglxd/Build/Intermediates.noindex/DWBrowser.build/Debug/DWBrowser.build/DerivedSources/DWBrowser-Swift.h

Copy /Users/noone/Library/Developer/Xcode/DerivedData/DWBrowser-cmsfpyohmdxzhbcsciinysvlglxd/Build/Products/Debug/DWBrowser.swiftmodule/arm64-apple-macos.swiftmodule /Users/noone/Library/Developer/Xcode/DerivedData/DWBrowser-cmsfpyohmdxzhbcsciinysvlglxd/Build/Intermediates.noindex/DWBrowser.build/Debug/DWBrowser.build/Objects-normal/arm64/DWBrowser.swiftmodule (in target 'DWBrowser' from project 'DWBrowser')
    cd /Users/noone/Downloads/Program/myGithub/MAC_Xcode_DWBrowserS1
    builtin-copy -exclude .DS_Store -exclude CVS -exclude .svn -exclude .git -exclude .hg -resolve-src-symlinks -rename /Users/noone/Library/Developer/Xcode/DerivedData/DWBrowser-cmsfpyohmdxzhbcsciinysvlglxd/Build/Intermediates.noindex/DWBrowser.build/Debug/DWBrowser.build/Objects-normal/arm64/DWBrowser.swiftmodule /Users/noone/Library/Developer/Xcode/DerivedData/DWBrowser-cmsfpyohmdxzhbcsciinysvlglxd/Build/Products/Debug/DWBrowser.swiftmodule/arm64-apple-macos.swiftmodule

Copy /Users/noone/Library/Developer/Xcode/DerivedData/DWBrowser-cmsfpyohmdxzhbcsciinysvlglxd/Build/Products/Debug/DWBrowser.swiftmodule/arm64-apple-macos.swiftdoc /Users/noone/Library/Developer/Xcode/DerivedData/DWBrowser-cmsfpyohmdxzhbcsciinysvlglxd/Build/Intermediates.noindex/DWBrowser.build/Debug/DWBrowser.build/Objects-normal/arm64/DWBrowser.swiftdoc (in target 'DWBrowser' from project 'DWBrowser')
    cd /Users/noone/Downloads/Program/myGithub/MAC_Xcode_DWBrowserS1
    builtin-copy -exclude .DS_Store -exclude CVS -exclude .svn -exclude .git -exclude .hg -resolve-src-symlinks -rename /Users/noone/Library/Developer/Xcode/DerivedData/DWBrowser-cmsfpyohmdxzhbcsciinysvlglxd/Build/Intermediates.noindex/DWBrowser.build/Debug/DWBrowser.build/Objects-normal/arm64/DWBrowser.swiftdoc /Users/noone/Library/Developer/Xcode/DerivedData/DWBrowser-cmsfpyohmdxzhbcsciinysvlglxd/Build/Products/Debug/DWBrowser.swiftmodule/arm64-apple-macos.swiftdoc

Copy /Users/noone/Library/Developer/Xcode/DerivedData/DWBrowser-cmsfpyohmdxzhbcsciinysvlglxd/Build/Products/Debug/DWBrowser.swiftmodule/arm64-apple-macos.abi.json /Users/noone/Library/Developer/Xcode/DerivedData/DWBrowser-cmsfpyohmdxzhbcsciinysvlglxd/Build/Intermediates.noindex/DWBrowser.build/Debug/DWBrowser.build/Objects-normal/arm64/DWBrowser.abi.json (in target 'DWBrowser' from project 'DWBrowser')
    cd /Users/noone/Downloads/Program/myGithub/MAC_Xcode_DWBrowserS1
    builtin-copy -exclude .DS_Store -exclude CVS -exclude .svn -exclude .git -exclude .hg -resolve-src-symlinks -rename /Users/noone/Library/Developer/Xcode/DerivedData/DWBrowser-cmsfpyohmdxzhbcsciinysvlglxd/Build/Intermediates.noindex/DWBrowser.build/Debug/DWBrowser.build/Objects-normal/arm64/DWBrowser.abi.json /Users/noone/Library/Developer/Xcode/DerivedData/DWBrowser-cmsfpyohmdxzhbcsciinysvlglxd/Build/Products/Debug/DWBrowser.swiftmodule/arm64-apple-macos.abi.json

Copy /Users/noone/Library/Developer/Xcode/DerivedData/DWBrowser-cmsfpyohmdxzhbcsciinysvlglxd/Build/Products/Debug/DWBrowser.swiftmodule/Project/arm64-apple-macos.swiftsourceinfo /Users/noone/Library/Developer/Xcode/DerivedData/DWBrowser-cmsfpyohmdxzhbcsciinysvlglxd/Build/Intermediates.noindex/DWBrowser.build/Debug/DWBrowser.build/Objects-normal/arm64/DWBrowser.swiftsourceinfo (in target 'DWBrowser' from project 'DWBrowser')
    cd /Users/noone/Downloads/Program/myGithub/MAC_Xcode_DWBrowserS1
    builtin-copy -exclude .DS_Store -exclude CVS -exclude .svn -exclude .git -exclude .hg -resolve-src-symlinks -rename /Users/noone/Library/Developer/Xcode/DerivedData/DWBrowser-cmsfpyohmdxzhbcsciinysvlglxd/Build/Intermediates.noindex/DWBrowser.build/Debug/DWBrowser.build/Objects-normal/arm64/DWBrowser.swiftsourceinfo /Users/noone/Library/Developer/Xcode/DerivedData/DWBrowser-cmsfpyohmdxzhbcsciinysvlglxd/Build/Products/Debug/DWBrowser.swiftmodule/Project/arm64-apple-macos.swiftsourceinfo

SwiftCompile normal arm64 Compiling\ DWBrowserApp.swift,\ GeneratedAssetSymbols.swift /Users/noone/Downloads/Program/myGithub/MAC_Xcode_DWBrowserS1/DWBrowser/DWBrowserApp.swift /Users/noone/Library/Developer/Xcode/DerivedData/DWBrowser-cmsfpyohmdxzhbcsciinysvlglxd/Build/Intermediates.noindex/DWBrowser.build/Debug/DWBrowser.build/DerivedSources/GeneratedAssetSymbols.swift (in target 'DWBrowser' from project 'DWBrowser')

SwiftCompile normal arm64 /Users/noone/Downloads/Program/myGithub/MAC_Xcode_DWBrowserS1/DWBrowser/DWBrowserApp.swift (in target 'DWBrowser' from project 'DWBrowser')
    cd /Users/noone/Downloads/Program/myGithub/MAC_Xcode_DWBrowserS1
    

SwiftCompile normal arm64 /Users/noone/Library/Developer/Xcode/DerivedData/DWBrowser-cmsfpyohmdxzhbcsciinysvlglxd/Build/Intermediates.noindex/DWBrowser.build/Debug/DWBrowser.build/DerivedSources/GeneratedAssetSymbols.swift (in target 'DWBrowser' from project 'DWBrowser')
    cd /Users/noone/Downloads/Program/myGithub/MAC_Xcode_DWBrowserS1
    

SwiftDriverJobDiscovery normal arm64 Compiling FavoriteItem.swift, SFTPConnectionRecord.swift, ExternalDeviceService.swift (in target 'DWBrowser' from project 'DWBrowser')

SwiftDriverJobDiscovery normal arm64 Compiling ContentViewModel.swift, CopyProgress.swift, ExternalDevice.swift (in target 'DWBrowser' from project 'DWBrowser')

SwiftDriverJobDiscovery normal arm64 Compiling FileOperationService.swift, SFTPConnectionStore.swift, SFTPService.swift (in target 'DWBrowser' from project 'DWBrowser')

SwiftDriverJobDiscovery normal arm64 Compiling DWBrowserApp.swift, GeneratedAssetSymbols.swift (in target 'DWBrowser' from project 'DWBrowser')

SwiftDriverJobDiscovery normal arm64 Compiling MainToolbarView.swift, ProgressWindow.swift (in target 'DWBrowser' from project 'DWBrowser')

SwiftDriverJobDiscovery normal arm64 Compiling ContentView+ExternalDevices.swift, ContentView+FileOperations.swift, ContentView+SFTP.swift (in target 'DWBrowser' from project 'DWBrowser')

SwiftDriverJobDiscovery normal arm64 Compiling CopyProgressView.swift, FileBrowserPane.swift (in target 'DWBrowser' from project 'DWBrowser')

note: Disabling hardened runtime with ad-hoc codesigning. (in target 'DWBrowser' from project 'DWBrowser')
/Users/noone/Downloads/Program/myGithub/MAC_Xcode_DWBrowserS1/DWBrowser.xcodeproj: warning: The Copy Bundle Resources build phase contains this target's Info.plist file '/Users/noone/Downloads/Program/myGithub/MAC_Xcode_DWBrowserS1/DWBrowser/Info.plist'. (in target 'DWBrowser' from project 'DWBrowser')
** BUILD FAILED **


The following build commands failed:
	SwiftCompile normal arm64 /Users/noone/Downloads/Program/myGithub/MAC_Xcode_DWBrowserS1/DWBrowser/ContentView.swift (in target 'DWBrowser' from project 'DWBrowser')
	SwiftCompile normal arm64 Compiling\ SidebarView.swift,\ ContentView.swift /Users/noone/Downloads/Program/myGithub/MAC_Xcode_DWBrowserS1/DWBrowser/Views/SidebarView.swift /Users/noone/Downloads/Program/myGithub/MAC_Xcode_DWBrowserS1/DWBrowser/ContentView.swift (in target 'DWBrowser' from project 'DWBrowser')
	Building project DWBrowser with scheme DWBrowser and configuration Debug
(3 failures)
